
*** Running vivado
    with args -log pwm_model_wrapper.vds -m64 -product Vivado -mode batch -messageDb vivado.pb -notrace -source pwm_model_wrapper.tcl


****** Vivado v2019.1 (64-bit)
  **** SW Build 2552052 on Fri May 24 14:47:09 MDT 2019
  **** IP Build 2548770 on Fri May 24 18:01:18 MDT 2019
    ** Copyright 1986-2019 Xilinx, Inc. All Rights Reserved.

source pwm_model_wrapper.tcl -notrace
INFO: [IP_Flow 19-234] Refreshing IP repositories
INFO: [IP_Flow 19-1704] No user IP repositories specified
INFO: [IP_Flow 19-2313] Loaded Vivado IP repository '/home/rasmus/apps/Xilinx/Vivado/2019.1/data/ip'.
add_files: Time (s): cpu = 00:00:06 ; elapsed = 00:00:05 . Memory (MB): peak = 1463.922 ; gain = 72.035 ; free physical = 1561 ; free virtual = 12585
Command: synth_design -top pwm_model_wrapper -part xc7z020clg400-1
Starting synth_design
Attempting to get a license for feature 'Synthesis' and/or device 'xc7z020'
INFO: [Common 17-349] Got license for feature 'Synthesis' and/or device 'xc7z020'
INFO: [Device 21-403] Loading part xc7z020clg400-1
INFO: Launching helper process for spawning children vivado processes
INFO: Helper process launched with PID 5347 
---------------------------------------------------------------------------------
Starting RTL Elaboration : Time (s): cpu = 00:00:04 ; elapsed = 00:00:05 . Memory (MB): peak = 1746.035 ; gain = 152.715 ; free physical = 1167 ; free virtual = 12191
---------------------------------------------------------------------------------
INFO: [Synth 8-638] synthesizing module 'pwm_model_wrapper' [/home/rasmus/Documents/RobTek/RE/lab_battery/lab_battery.srcs/sources_1/bd/pwm_model/hdl/pwm_model_wrapper.vhd:21]
INFO: [Synth 8-3491] module 'pwm_model' declared at '/home/rasmus/Documents/RobTek/RE/lab_battery/lab_battery.srcs/sources_1/bd/pwm_model/synth/pwm_model.vhd:14' bound to instance 'pwm_model_i' of component 'pwm_model' [/home/rasmus/Documents/RobTek/RE/lab_battery/lab_battery.srcs/sources_1/bd/pwm_model/hdl/pwm_model_wrapper.vhd:29]
INFO: [Synth 8-638] synthesizing module 'pwm_model' [/home/rasmus/Documents/RobTek/RE/lab_battery/lab_battery.srcs/sources_1/bd/pwm_model/synth/pwm_model.vhd:25]
INFO: [Synth 8-3491] module 'pwm_model_comparator_10_0_0' declared at '/home/rasmus/Documents/RobTek/RE/lab_battery/lab_battery.runs/synth_1/.Xil/Vivado-5242-Lenovo-Ideapad/realtime/pwm_model_comparator_10_0_0_stub.vhdl:5' bound to instance 'comparator_10' of component 'pwm_model_comparator_10_0_0' [/home/rasmus/Documents/RobTek/RE/lab_battery/lab_battery.srcs/sources_1/bd/pwm_model/synth/pwm_model.vhd:55]
INFO: [Synth 8-638] synthesizing module 'pwm_model_comparator_10_0_0' [/home/rasmus/Documents/RobTek/RE/lab_battery/lab_battery.runs/synth_1/.Xil/Vivado-5242-Lenovo-Ideapad/realtime/pwm_model_comparator_10_0_0_stub.vhdl:14]
INFO: [Synth 8-3491] module 'pwm_model_counter_10_0_0' declared at '/home/rasmus/Documents/RobTek/RE/lab_battery/lab_battery.runs/synth_1/.Xil/Vivado-5242-Lenovo-Ideapad/realtime/pwm_model_counter_10_0_0_stub.vhdl:5' bound to instance 'counter_10' of component 'pwm_model_counter_10_0_0' [/home/rasmus/Documents/RobTek/RE/lab_battery/lab_battery.srcs/sources_1/bd/pwm_model/synth/pwm_model.vhd:61]
INFO: [Synth 8-638] synthesizing module 'pwm_model_counter_10_0_0' [/home/rasmus/Documents/RobTek/RE/lab_battery/lab_battery.runs/synth_1/.Xil/Vivado-5242-Lenovo-Ideapad/realtime/pwm_model_counter_10_0_0_stub.vhdl:13]
INFO: [Synth 8-3491] module 'pwm_model_xlconstant_0_0' declared at '/home/rasmus/Documents/RobTek/RE/lab_battery/lab_battery.srcs/sources_1/bd/pwm_model/ip/pwm_model_xlconstant_0_0/synth/pwm_model_xlconstant_0_0.v:57' bound to instance 'xlconstant_0' of component 'pwm_model_xlconstant_0_0' [/home/rasmus/Documents/RobTek/RE/lab_battery/lab_battery.srcs/sources_1/bd/pwm_model/synth/pwm_model.vhd:66]
INFO: [Synth 8-6157] synthesizing module 'pwm_model_xlconstant_0_0' [/home/rasmus/Documents/RobTek/RE/lab_battery/lab_battery.srcs/sources_1/bd/pwm_model/ip/pwm_model_xlconstant_0_0/synth/pwm_model_xlconstant_0_0.v:57]
INFO: [Synth 8-6157] synthesizing module 'xlconstant_v1_1_6_xlconstant' [/home/rasmus/Documents/RobTek/RE/lab_battery/lab_battery.srcs/sources_1/bd/pwm_model/ipshared/66e7/hdl/xlconstant_v1_1_vl_rfs.v:23]
	Parameter CONST_VAL bound to: 665 - type: integer 
	Parameter CONST_WIDTH bound to: 10 - type: integer 
INFO: [Synth 8-6155] done synthesizing module 'xlconstant_v1_1_6_xlconstant' (1#1) [/home/rasmus/Documents/RobTek/RE/lab_battery/lab_battery.srcs/sources_1/bd/pwm_model/ipshared/66e7/hdl/xlconstant_v1_1_vl_rfs.v:23]
INFO: [Synth 8-6155] done synthesizing module 'pwm_model_xlconstant_0_0' (2#1) [/home/rasmus/Documents/RobTek/RE/lab_battery/lab_battery.srcs/sources_1/bd/pwm_model/ip/pwm_model_xlconstant_0_0/synth/pwm_model_xlconstant_0_0.v:57]
INFO: [Synth 8-256] done synthesizing module 'pwm_model' (3#1) [/home/rasmus/Documents/RobTek/RE/lab_battery/lab_battery.srcs/sources_1/bd/pwm_model/synth/pwm_model.vhd:25]
INFO: [Synth 8-256] done synthesizing module 'pwm_model_wrapper' (4#1) [/home/rasmus/Documents/RobTek/RE/lab_battery/lab_battery.srcs/sources_1/bd/pwm_model/hdl/pwm_model_wrapper.vhd:21]
---------------------------------------------------------------------------------
Finished RTL Elaboration : Time (s): cpu = 00:00:04 ; elapsed = 00:00:06 . Memory (MB): peak = 1800.785 ; gain = 207.465 ; free physical = 1191 ; free virtual = 12216
---------------------------------------------------------------------------------

Report Check Netlist: 
+------+------------------+-------+---------+-------+------------------+
|      |Item              |Errors |Warnings |Status |Description       |
+------+------------------+-------+---------+-------+------------------+
|1     |multi_driven_nets |      0|        0|Passed |Multi driven nets |
+------+------------------+-------+---------+-------+------------------+
---------------------------------------------------------------------------------
Start Handling Custom Attributes
---------------------------------------------------------------------------------
---------------------------------------------------------------------------------
Finished Handling Custom Attributes : Time (s): cpu = 00:00:05 ; elapsed = 00:00:06 . Memory (MB): peak = 1803.754 ; gain = 210.434 ; free physical = 1189 ; free virtual = 12214
---------------------------------------------------------------------------------
---------------------------------------------------------------------------------
Finished RTL Optimization Phase 1 : Time (s): cpu = 00:00:05 ; elapsed = 00:00:06 . Memory (MB): peak = 1803.754 ; gain = 210.434 ; free physical = 1189 ; free virtual = 12214
---------------------------------------------------------------------------------
INFO: [Project 1-570] Preparing netlist for logic optimization

Processing XDC Constraints
Initializing timing engine
Parsing XDC File [/home/rasmus/Documents/RobTek/RE/lab_battery/lab_battery.srcs/sources_1/bd/pwm_model/ip/pwm_model_counter_10_0_0/pwm_model_counter_10_0_0/pwm_model_counter_10_0_0_in_context.xdc] for cell 'pwm_model_i/counter_10'
Finished Parsing XDC File [/home/rasmus/Documents/RobTek/RE/lab_battery/lab_battery.srcs/sources_1/bd/pwm_model/ip/pwm_model_counter_10_0_0/pwm_model_counter_10_0_0/pwm_model_counter_10_0_0_in_context.xdc] for cell 'pwm_model_i/counter_10'
Parsing XDC File [/home/rasmus/Documents/RobTek/RE/lab_battery/lab_battery.srcs/sources_1/bd/pwm_model/ip/pwm_model_comparator_10_0_0/pwm_model_comparator_10_0_0/pwm_model_comparator_10_0_0_in_context.xdc] for cell 'pwm_model_i/comparator_10'
Finished Parsing XDC File [/home/rasmus/Documents/RobTek/RE/lab_battery/lab_battery.srcs/sources_1/bd/pwm_model/ip/pwm_model_comparator_10_0_0/pwm_model_comparator_10_0_0/pwm_model_comparator_10_0_0_in_context.xdc] for cell 'pwm_model_i/comparator_10'
Parsing XDC File [/home/rasmus/Documents/RobTek/RE/lab_battery/lab_battery.srcs/constrs_1/new/constraints.xdc]
Finished Parsing XDC File [/home/rasmus/Documents/RobTek/RE/lab_battery/lab_battery.srcs/constrs_1/new/constraints.xdc]
INFO: [Project 1-236] Implementation specific constraints were found while reading constraint file [/home/rasmus/Documents/RobTek/RE/lab_battery/lab_battery.srcs/constrs_1/new/constraints.xdc]. These constraints will be ignored for synthesis but will be used in implementation. Impacted constraints are listed in the file [.Xil/pwm_model_wrapper_propImpl.xdc].
Resolution: To avoid this warning, move constraints listed in [.Xil/pwm_model_wrapper_propImpl.xdc] to another XDC file and exclude this new file from synthesis with the used_in_synthesis property (File Properties dialog in GUI) and re-run elaboration/synthesis.
Parsing XDC File [/home/rasmus/Documents/RobTek/RE/lab_battery/lab_battery.runs/synth_1/dont_touch.xdc]
Finished Parsing XDC File [/home/rasmus/Documents/RobTek/RE/lab_battery/lab_battery.runs/synth_1/dont_touch.xdc]
Completed Processing XDC Constraints

Netlist sorting complete. Time (s): cpu = 00:00:00 ; elapsed = 00:00:00 . Memory (MB): peak = 1872.457 ; gain = 0.000 ; free physical = 1095 ; free virtual = 12119
INFO: [Project 1-111] Unisim Transformation Summary:
No Unisim elements were transformed.

Constraint Validation Runtime : Time (s): cpu = 00:00:00 ; elapsed = 00:00:00 . Memory (MB): peak = 1872.457 ; gain = 0.000 ; free physical = 1095 ; free virtual = 12119
---------------------------------------------------------------------------------
Finished Constraint Validation : Time (s): cpu = 00:00:11 ; elapsed = 00:00:13 . Memory (MB): peak = 1872.457 ; gain = 279.137 ; free physical = 1152 ; free virtual = 12190
---------------------------------------------------------------------------------
---------------------------------------------------------------------------------
Start Loading Part and Timing Information
---------------------------------------------------------------------------------
Loading part: xc7z020clg400-1
---------------------------------------------------------------------------------
Finished Loading Part and Timing Information : Time (s): cpu = 00:00:11 ; elapsed = 00:00:13 . Memory (MB): peak = 1872.457 ; gain = 279.137 ; free physical = 1152 ; free virtual = 12190
---------------------------------------------------------------------------------
---------------------------------------------------------------------------------
Start Applying 'set_property' XDC Constraints
---------------------------------------------------------------------------------
Applied set_property DONT_TOUCH = true for pwm_model_i. (constraint file  auto generated constraint, line ).
Applied set_property DONT_TOUCH = true for pwm_model_i/counter_10. (constraint file  auto generated constraint, line ).
Applied set_property DONT_TOUCH = true for pwm_model_i/comparator_10. (constraint file  auto generated constraint, line ).
Applied set_property DONT_TOUCH = true for pwm_model_i/xlconstant_0. (constraint file  auto generated constraint, line ).
---------------------------------------------------------------------------------
Finished applying 'set_property' XDC Constraints : Time (s): cpu = 00:00:11 ; elapsed = 00:00:13 . Memory (MB): peak = 1872.457 ; gain = 279.137 ; free physical = 1152 ; free virtual = 12190
---------------------------------------------------------------------------------
---------------------------------------------------------------------------------
Finished RTL Optimization Phase 2 : Time (s): cpu = 00:00:11 ; elapsed = 00:00:13 . Memory (MB): peak = 1872.457 ; gain = 279.137 ; free physical = 1151 ; free virtual = 12189
---------------------------------------------------------------------------------

Report RTL Partitions: 
+-+--------------+------------+----------+
| |RTL Partition |Replication |Instances |
+-+--------------+------------+----------+
+-+--------------+------------+----------+
---------------------------------------------------------------------------------
Start RTL Component Statistics 
---------------------------------------------------------------------------------
Detailed RTL Component Info : 
---------------------------------------------------------------------------------
Finished RTL Component Statistics 
---------------------------------------------------------------------------------
---------------------------------------------------------------------------------
Start RTL Hierarchical Component Statistics 
---------------------------------------------------------------------------------
Hierarchical RTL Component report 
---------------------------------------------------------------------------------
Finished RTL Hierarchical Component Statistics
---------------------------------------------------------------------------------
---------------------------------------------------------------------------------
Start Part Resource Summary
---------------------------------------------------------------------------------
Part Resources:
DSPs: 220 (col length:60)
BRAMs: 280 (col length: RAMB18 60 RAMB36 30)
---------------------------------------------------------------------------------
Finished Part Resource Summary
---------------------------------------------------------------------------------
---------------------------------------------------------------------------------
Start Cross Boundary and Area Optimization
---------------------------------------------------------------------------------
Warning: Parallel synthesis criteria is not met 
---------------------------------------------------------------------------------
Finished Cross Boundary and Area Optimization : Time (s): cpu = 00:00:12 ; elapsed = 00:00:14 . Memory (MB): peak = 1872.457 ; gain = 279.137 ; free physical = 1160 ; free virtual = 12190
---------------------------------------------------------------------------------

Report RTL Partitions: 
+-+--------------+------------+----------+
| |RTL Partition |Replication |Instances |
+-+--------------+------------+----------+
+-+--------------+------------+----------+
---------------------------------------------------------------------------------
Start Applying XDC Timing Constraints
---------------------------------------------------------------------------------
---------------------------------------------------------------------------------
Finished Applying XDC Timing Constraints : Time (s): cpu = 00:00:20 ; elapsed = 00:00:22 . Memory (MB): peak = 1872.457 ; gain = 279.137 ; free physical = 1036 ; free virtual = 12066
---------------------------------------------------------------------------------
---------------------------------------------------------------------------------
Start Timing Optimization
---------------------------------------------------------------------------------
---------------------------------------------------------------------------------
Finished Timing Optimization : Time (s): cpu = 00:00:20 ; elapsed = 00:00:22 . Memory (MB): peak = 1872.457 ; gain = 279.137 ; free physical = 1036 ; free virtual = 12066
---------------------------------------------------------------------------------

Report RTL Partitions: 
+-+--------------+------------+----------+
| |RTL Partition |Replication |Instances |
+-+--------------+------------+----------+
+-+--------------+------------+----------+
---------------------------------------------------------------------------------
Start Technology Mapping
---------------------------------------------------------------------------------
---------------------------------------------------------------------------------
Finished Technology Mapping : Time (s): cpu = 00:00:20 ; elapsed = 00:00:22 . Memory (MB): peak = 1872.457 ; gain = 279.137 ; free physical = 1036 ; free virtual = 12065
---------------------------------------------------------------------------------

Report RTL Partitions: 
+-+--------------+------------+----------+
| |RTL Partition |Replication |Instances |
+-+--------------+------------+----------+
+-+--------------+------------+----------+
---------------------------------------------------------------------------------
Start IO Insertion
---------------------------------------------------------------------------------
---------------------------------------------------------------------------------
Start Flattening Before IO Insertion
---------------------------------------------------------------------------------
---------------------------------------------------------------------------------
Finished Flattening Before IO Insertion
---------------------------------------------------------------------------------
---------------------------------------------------------------------------------
Start Final Netlist Cleanup
---------------------------------------------------------------------------------
---------------------------------------------------------------------------------
Finished Final Netlist Cleanup
---------------------------------------------------------------------------------
---------------------------------------------------------------------------------
Finished IO Insertion : Time (s): cpu = 00:00:22 ; elapsed = 00:00:25 . Memory (MB): peak = 1875.332 ; gain = 282.012 ; free physical = 1036 ; free virtual = 12065
---------------------------------------------------------------------------------

Report Check Netlist: 
+------+------------------+-------+---------+-------+------------------+
|      |Item              |Errors |Warnings |Status |Description       |
+------+------------------+-------+---------+-------+------------------+
|1     |multi_driven_nets |      0|        0|Passed |Multi driven nets |
+------+------------------+-------+---------+-------+------------------+
---------------------------------------------------------------------------------
Start Renaming Generated Instances
---------------------------------------------------------------------------------
---------------------------------------------------------------------------------
Finished Renaming Generated Instances : Time (s): cpu = 00:00:22 ; elapsed = 00:00:25 . Memory (MB): peak = 1875.332 ; gain = 282.012 ; free physical = 1036 ; free virtual = 12065
---------------------------------------------------------------------------------

Report RTL Partitions: 
+-+--------------+------------+----------+
| |RTL Partition |Replication |Instances |
+-+--------------+------------+----------+
+-+--------------+------------+----------+
---------------------------------------------------------------------------------
Start Rebuilding User Hierarchy
---------------------------------------------------------------------------------
---------------------------------------------------------------------------------
Finished Rebuilding User Hierarchy : Time (s): cpu = 00:00:22 ; elapsed = 00:00:25 . Memory (MB): peak = 1875.332 ; gain = 282.012 ; free physical = 1036 ; free virtual = 12065
---------------------------------------------------------------------------------
---------------------------------------------------------------------------------
Start Renaming Generated Ports
---------------------------------------------------------------------------------
---------------------------------------------------------------------------------
Finished Renaming Generated Ports : Time (s): cpu = 00:00:22 ; elapsed = 00:00:25 . Memory (MB): peak = 1875.332 ; gain = 282.012 ; free physical = 1036 ; free virtual = 12065
---------------------------------------------------------------------------------
---------------------------------------------------------------------------------
Start Handling Custom Attributes
---------------------------------------------------------------------------------
---------------------------------------------------------------------------------
Finished Handling Custom Attributes : Time (s): cpu = 00:00:22 ; elapsed = 00:00:25 . Memory (MB): peak = 1875.332 ; gain = 282.012 ; free physical = 1036 ; free virtual = 12065
---------------------------------------------------------------------------------
---------------------------------------------------------------------------------
Start Renaming Generated Nets
---------------------------------------------------------------------------------
---------------------------------------------------------------------------------
Finished Renaming Generated Nets : Time (s): cpu = 00:00:22 ; elapsed = 00:00:25 . Memory (MB): peak = 1875.332 ; gain = 282.012 ; free physical = 1036 ; free virtual = 12065
---------------------------------------------------------------------------------
---------------------------------------------------------------------------------
Start Writing Synthesis Report
---------------------------------------------------------------------------------

Report BlackBoxes: 
+------+----------------------------+----------+
|      |BlackBox name               |Instances |
+------+----------------------------+----------+
|1     |pwm_model_comparator_10_0_0 |         1|
|2     |pwm_model_counter_10_0_0    |         1|
+------+----------------------------+----------+

Report Cell Usage: 
+------+-----------------------------------+------+
|      |Cell                               |Count |
+------+-----------------------------------+------+
|1     |pwm_model_comparator_10_0_0_bbox_0 |     1|
|2     |pwm_model_counter_10_0_0_bbox_1    |     1|
|3     |IBUF                               |     1|
|4     |OBUF                               |     1|
+------+-----------------------------------+------+

Report Instance Areas: 
+------+-----------------+-------------------------+------+
|      |Instance         |Module                   |Cells |
+------+-----------------+-------------------------+------+
|1     |top              |                         |    13|
|2     |  pwm_model_i    |pwm_model                |    11|
|3     |    xlconstant_0 |pwm_model_xlconstant_0_0 |     0|
+------+-----------------+-------------------------+------+
---------------------------------------------------------------------------------
Finished Writing Synthesis Report : Time (s): cpu = 00:00:22 ; elapsed = 00:00:25 . Memory (MB): peak = 1875.332 ; gain = 282.012 ; free physical = 1036 ; free virtual = 12065
---------------------------------------------------------------------------------
Synthesis finished with 0 errors, 0 critical warnings and 0 warnings.
Synthesis Optimization Runtime : Time (s): cpu = 00:00:19 ; elapsed = 00:00:21 . Memory (MB): peak = 1875.332 ; gain = 213.309 ; free physical = 1092 ; free virtual = 12121
Synthesis Optimization Complete : Time (s): cpu = 00:00:22 ; elapsed = 00:00:25 . Memory (MB): peak = 1875.340 ; gain = 282.012 ; free physical = 1092 ; free virtual = 12121
INFO: [Project 1-571] Translating synthesized netlist
INFO: [Project 1-570] Preparing netlist for logic optimization
INFO: [Opt 31-138] Pushed 0 inverter(s) to 0 load pin(s).
Netlist sorting complete. Time (s): cpu = 00:00:00 ; elapsed = 00:00:00 . Memory (MB): peak = 1887.238 ; gain = 0.000 ; free physical = 1038 ; free virtual = 12067
INFO: [Project 1-111] Unisim Transformation Summary:
No Unisim elements were transformed.

INFO: [Common 17-83] Releasing license: Synthesis
27 Infos, 0 Warnings, 0 Critical Warnings and 0 Errors encountered.
synth_design completed successfully
synth_design: Time (s): cpu = 00:00:28 ; elapsed = 00:00:30 . Memory (MB): peak = 1887.238 ; gain = 423.316 ; free physical = 1129 ; free virtual = 12158
Netlist sorting complete. Time (s): cpu = 00:00:00 ; elapsed = 00:00:00 . Memory (MB): peak = 1887.238 ; gain = 0.000 ; free physical = 1129 ; free virtual = 12158
WARNING: [Constraints 18-5210] No constraints selected for write.
Resolution: This message can indicate that there are no constraints for the design, or it can indicate that the used_in flags are set such that the constraints are ignored. This later case is used when running synth_design to not write synthesis constraints to the resulting checkpoint. Instead, project constraints are read when the synthesized design is opened.
INFO: [Common 17-1381] The checkpoint '/home/rasmus/Documents/RobTek/RE/lab_battery/lab_battery.runs/synth_1/pwm_model_wrapper.dcp' has been generated.
INFO: [runtcl-4] Executing : report_utilization -file pwm_model_wrapper_utilization_synth.rpt -pb pwm_model_wrapper_utilization_synth.pb
INFO: [Common 17-206] Exiting Vivado at Thu Nov 28 18:02:27 2019...
