
*** Running vivado
    with args -log design_ps_pl_wrapper.vdi -applog -m64 -product Vivado -messageDb vivado.pb -mode batch -source design_ps_pl_wrapper.tcl -notrace


****** Vivado v2019.1.1 (64-bit)
  **** SW Build 2580384 on Sat Jun 29 08:12:21 MDT 2019
  **** IP Build 2579722 on Sat Jun 29 11:35:40 MDT 2019
    ** Copyright 1986-2019 Xilinx, Inc. All Rights Reserved.

source design_ps_pl_wrapper.tcl -notrace
INFO: [IP_Flow 19-234] Refreshing IP repositories
INFO: [IP_Flow 19-1704] No user IP repositories specified
INFO: [IP_Flow 19-2313] Loaded Vivado IP repository 'C:/Xilinx/Vivado/2019.1/data/ip'.
add_files: Time (s): cpu = 00:00:03 ; elapsed = 00:00:05 . Memory (MB): peak = 314.121 ; gain = 17.695
Command: link_design -top design_ps_pl_wrapper -part xc7z020clg400-1
Design is defaulting to srcset: sources_1
Design is defaulting to constrset: constrs_1
INFO: [Device 21-403] Loading part xc7z020clg400-1
INFO: [Project 1-454] Reading design checkpoint 'c:/Avnet/project_PL_PS_new/project_PL_PS_new.srcs/sources_1/bd/design_ps_pl/ip/design_ps_pl_PL_0_0/design_ps_pl_PL_0_0.dcp' for cell 'design_ps_pl_i/PL_BRAM_read'
INFO: [Project 1-454] Reading design checkpoint 'c:/Avnet/project_PL_PS_new/project_PL_PS_new.srcs/sources_1/bd/design_ps_pl/ip/design_ps_pl_axi_bram_ctrl_0_0/design_ps_pl_axi_bram_ctrl_0_0.dcp' for cell 'design_ps_pl_i/PS_BRAM/axi_bram_ctrl_0'
INFO: [Project 1-454] Reading design checkpoint 'c:/Avnet/project_PL_PS_new/project_PL_PS_new.srcs/sources_1/bd/design_ps_pl/ip/design_ps_pl_axi_smc_0/design_ps_pl_axi_smc_0.dcp' for cell 'design_ps_pl_i/PS_BRAM/axi_smc'
INFO: [Project 1-454] Reading design checkpoint 'c:/Avnet/project_PL_PS_new/project_PL_PS_new.srcs/sources_1/bd/design_ps_pl/ip/design_ps_pl_blk_mem_gen_0_0/design_ps_pl_blk_mem_gen_0_0.dcp' for cell 'design_ps_pl_i/PS_BRAM/blk_mem_gen_0'
INFO: [Project 1-454] Reading design checkpoint 'c:/Avnet/project_PL_PS_new/project_PL_PS_new.srcs/sources_1/bd/design_ps_pl/ip/design_ps_pl_processing_system7_0_0/design_ps_pl_processing_system7_0_0.dcp' for cell 'design_ps_pl_i/PS_BRAM/processing_system7_0'
INFO: [Project 1-454] Reading design checkpoint 'c:/Avnet/project_PL_PS_new/project_PL_PS_new.srcs/sources_1/bd/design_ps_pl/ip/design_ps_pl_rst_ps7_0_100M_0/design_ps_pl_rst_ps7_0_100M_0.dcp' for cell 'design_ps_pl_i/PS_BRAM/rst_ps7_0_100M'
INFO: [Netlist 29-17] Analyzing 88 Unisim elements for replacement
INFO: [Netlist 29-28] Unisim Transformation completed in 0 CPU seconds
INFO: [Project 1-479] Netlist was created with Vivado 2019.1.1
INFO: [Project 1-570] Preparing netlist for logic optimization
Parsing XDC File [c:/Avnet/project_PL_PS_new/project_PL_PS_new.srcs/sources_1/bd/design_ps_pl/ip/design_ps_pl_axi_smc_0/bd_0/ip/ip_1/bd_de28_psr_aclk_0_board.xdc] for cell 'design_ps_pl_i/PS_BRAM/axi_smc/inst/clk_map/psr_aclk/U0'
Finished Parsing XDC File [c:/Avnet/project_PL_PS_new/project_PL_PS_new.srcs/sources_1/bd/design_ps_pl/ip/design_ps_pl_axi_smc_0/bd_0/ip/ip_1/bd_de28_psr_aclk_0_board.xdc] for cell 'design_ps_pl_i/PS_BRAM/axi_smc/inst/clk_map/psr_aclk/U0'
Parsing XDC File [c:/Avnet/project_PL_PS_new/project_PL_PS_new.srcs/sources_1/bd/design_ps_pl/ip/design_ps_pl_axi_smc_0/bd_0/ip/ip_1/bd_de28_psr_aclk_0.xdc] for cell 'design_ps_pl_i/PS_BRAM/axi_smc/inst/clk_map/psr_aclk/U0'
Finished Parsing XDC File [c:/Avnet/project_PL_PS_new/project_PL_PS_new.srcs/sources_1/bd/design_ps_pl/ip/design_ps_pl_axi_smc_0/bd_0/ip/ip_1/bd_de28_psr_aclk_0.xdc] for cell 'design_ps_pl_i/PS_BRAM/axi_smc/inst/clk_map/psr_aclk/U0'
Parsing XDC File [c:/Avnet/project_PL_PS_new/project_PL_PS_new.srcs/sources_1/bd/design_ps_pl/ip/design_ps_pl_processing_system7_0_0/design_ps_pl_processing_system7_0_0.xdc] for cell 'design_ps_pl_i/PS_BRAM/processing_system7_0/inst'
Finished Parsing XDC File [c:/Avnet/project_PL_PS_new/project_PL_PS_new.srcs/sources_1/bd/design_ps_pl/ip/design_ps_pl_processing_system7_0_0/design_ps_pl_processing_system7_0_0.xdc] for cell 'design_ps_pl_i/PS_BRAM/processing_system7_0/inst'
Parsing XDC File [c:/Avnet/project_PL_PS_new/project_PL_PS_new.srcs/sources_1/bd/design_ps_pl/ip/design_ps_pl_rst_ps7_0_100M_0/design_ps_pl_rst_ps7_0_100M_0_board.xdc] for cell 'design_ps_pl_i/PS_BRAM/rst_ps7_0_100M/U0'
Finished Parsing XDC File [c:/Avnet/project_PL_PS_new/project_PL_PS_new.srcs/sources_1/bd/design_ps_pl/ip/design_ps_pl_rst_ps7_0_100M_0/design_ps_pl_rst_ps7_0_100M_0_board.xdc] for cell 'design_ps_pl_i/PS_BRAM/rst_ps7_0_100M/U0'
Parsing XDC File [c:/Avnet/project_PL_PS_new/project_PL_PS_new.srcs/sources_1/bd/design_ps_pl/ip/design_ps_pl_rst_ps7_0_100M_0/design_ps_pl_rst_ps7_0_100M_0.xdc] for cell 'design_ps_pl_i/PS_BRAM/rst_ps7_0_100M/U0'
Finished Parsing XDC File [c:/Avnet/project_PL_PS_new/project_PL_PS_new.srcs/sources_1/bd/design_ps_pl/ip/design_ps_pl_rst_ps7_0_100M_0/design_ps_pl_rst_ps7_0_100M_0.xdc] for cell 'design_ps_pl_i/PS_BRAM/rst_ps7_0_100M/U0'
Parsing XDC File [C:/Avnet/project_PL_PS_new/project_PL_PS_new.srcs/constrs_1/new/const.xdc]
Finished Parsing XDC File [C:/Avnet/project_PL_PS_new/project_PL_PS_new.srcs/constrs_1/new/const.xdc]
Sourcing Tcl File [C:/Xilinx/Vivado/2019.1/data/ip/xpm/xpm_memory/tcl/xpm_memory_xdc.tcl] for cell 'design_ps_pl_i/PS_BRAM/axi_smc/inst/s00_nodes/s00_ar_node/inst/inst_mi_handler/gen_normal_area.inst_fifo_node_payld/gen_xpm_memory_fifo.inst_fifo/gen_mem_rep[0].inst_xpm_memory'
Finished Sourcing Tcl File [C:/Xilinx/Vivado/2019.1/data/ip/xpm/xpm_memory/tcl/xpm_memory_xdc.tcl] for cell 'design_ps_pl_i/PS_BRAM/axi_smc/inst/s00_nodes/s00_ar_node/inst/inst_mi_handler/gen_normal_area.inst_fifo_node_payld/gen_xpm_memory_fifo.inst_fifo/gen_mem_rep[0].inst_xpm_memory'
Sourcing Tcl File [C:/Xilinx/Vivado/2019.1/data/ip/xpm/xpm_memory/tcl/xpm_memory_xdc.tcl] for cell 'design_ps_pl_i/PS_BRAM/axi_smc/inst/s00_nodes/s00_aw_node/inst/inst_mi_handler/gen_normal_area.inst_fifo_node_payld/gen_xpm_memory_fifo.inst_fifo/gen_mem_rep[0].inst_xpm_memory'
Finished Sourcing Tcl File [C:/Xilinx/Vivado/2019.1/data/ip/xpm/xpm_memory/tcl/xpm_memory_xdc.tcl] for cell 'design_ps_pl_i/PS_BRAM/axi_smc/inst/s00_nodes/s00_aw_node/inst/inst_mi_handler/gen_normal_area.inst_fifo_node_payld/gen_xpm_memory_fifo.inst_fifo/gen_mem_rep[0].inst_xpm_memory'
Sourcing Tcl File [C:/Xilinx/Vivado/2019.1/data/ip/xpm/xpm_memory/tcl/xpm_memory_xdc.tcl] for cell 'design_ps_pl_i/PS_BRAM/axi_smc/inst/s00_nodes/s00_b_node/inst/inst_mi_handler/gen_normal_area.inst_fifo_node_payld/gen_xpm_memory_fifo.inst_fifo/gen_mem_rep[0].inst_xpm_memory'
Finished Sourcing Tcl File [C:/Xilinx/Vivado/2019.1/data/ip/xpm/xpm_memory/tcl/xpm_memory_xdc.tcl] for cell 'design_ps_pl_i/PS_BRAM/axi_smc/inst/s00_nodes/s00_b_node/inst/inst_mi_handler/gen_normal_area.inst_fifo_node_payld/gen_xpm_memory_fifo.inst_fifo/gen_mem_rep[0].inst_xpm_memory'
Sourcing Tcl File [C:/Xilinx/Vivado/2019.1/data/ip/xpm/xpm_memory/tcl/xpm_memory_xdc.tcl] for cell 'design_ps_pl_i/PS_BRAM/axi_smc/inst/s00_nodes/s00_r_node/inst/inst_mi_handler/gen_normal_area.inst_fifo_node_payld/gen_xpm_memory_fifo.inst_fifo/gen_mem_rep[0].inst_xpm_memory'
Finished Sourcing Tcl File [C:/Xilinx/Vivado/2019.1/data/ip/xpm/xpm_memory/tcl/xpm_memory_xdc.tcl] for cell 'design_ps_pl_i/PS_BRAM/axi_smc/inst/s00_nodes/s00_r_node/inst/inst_mi_handler/gen_normal_area.inst_fifo_node_payld/gen_xpm_memory_fifo.inst_fifo/gen_mem_rep[0].inst_xpm_memory'
Sourcing Tcl File [C:/Xilinx/Vivado/2019.1/data/ip/xpm/xpm_memory/tcl/xpm_memory_xdc.tcl] for cell 'design_ps_pl_i/PS_BRAM/axi_smc/inst/s00_nodes/s00_w_node/inst/inst_mi_handler/gen_normal_area.inst_fifo_node_payld/gen_xpm_memory_fifo.inst_fifo/gen_mem_rep[0].inst_xpm_memory'
Finished Sourcing Tcl File [C:/Xilinx/Vivado/2019.1/data/ip/xpm/xpm_memory/tcl/xpm_memory_xdc.tcl] for cell 'design_ps_pl_i/PS_BRAM/axi_smc/inst/s00_nodes/s00_w_node/inst/inst_mi_handler/gen_normal_area.inst_fifo_node_payld/gen_xpm_memory_fifo.inst_fifo/gen_mem_rep[0].inst_xpm_memory'
INFO: [Opt 31-138] Pushed 0 inverter(s) to 0 load pin(s).
Generating merged BMM file for the design top 'design_ps_pl_wrapper'...
Netlist sorting complete. Time (s): cpu = 00:00:00 ; elapsed = 00:00:00.005 . Memory (MB): peak = 765.754 ; gain = 0.000
INFO: [Project 1-111] Unisim Transformation Summary:
  A total of 80 instances were transformed.
  RAM32M => RAM32M (RAMD32, RAMD32, RAMD32, RAMD32, RAMD32, RAMD32, RAMS32, RAMS32): 80 instances

16 Infos, 0 Warnings, 0 Critical Warnings and 0 Errors encountered.
link_design completed successfully
link_design: Time (s): cpu = 00:00:15 ; elapsed = 00:00:22 . Memory (MB): peak = 765.754 ; gain = 451.633
Command: opt_design
Attempting to get a license for feature 'Implementation' and/or device 'xc7z020'
INFO: [Common 17-349] Got license for feature 'Implementation' and/or device 'xc7z020'
Running DRC as a precondition to command opt_design

Starting DRC Task
INFO: [DRC 23-27] Running DRC with 2 threads
INFO: [Project 1-461] DRC finished with 0 Errors
INFO: [Project 1-462] Please refer to the DRC report (report_drc) for more information.

Time (s): cpu = 00:00:01 ; elapsed = 00:00:00.746 . Memory (MB): peak = 785.719 ; gain = 19.965

Starting Cache Timing Information Task
INFO: [Timing 38-35] Done setting XDC timing constraints.
Ending Cache Timing Information Task | Checksum: 1511218ac

Time (s): cpu = 00:00:10 ; elapsed = 00:00:10 . Memory (MB): peak = 1337.355 ; gain = 551.637

Starting Logic Optimization Task

Phase 1 Retarget
INFO: [Opt 31-138] Pushed 11 inverter(s) to 69 load pin(s).
INFO: [Opt 31-49] Retargeted 0 cell(s).
Phase 1 Retarget | Checksum: 14b64e910

Time (s): cpu = 00:00:01 ; elapsed = 00:00:00.460 . Memory (MB): peak = 1486.938 ; gain = 0.000
INFO: [Opt 31-389] Phase Retarget created 17 cells and removed 58 cells
INFO: [Opt 31-1021] In phase Retarget, 15 netlist objects are constrained preventing optimization. Please run opt_design with -debug_log to get more detail. 

Phase 2 Constant propagation
INFO: [Opt 31-138] Pushed 0 inverter(s) to 0 load pin(s).
Phase 2 Constant propagation | Checksum: f0f0243a

Time (s): cpu = 00:00:01 ; elapsed = 00:00:00.584 . Memory (MB): peak = 1486.938 ; gain = 0.000
INFO: [Opt 31-389] Phase Constant propagation created 55 cells and removed 114 cells
INFO: [Opt 31-1021] In phase Constant propagation, 20 netlist objects are constrained preventing optimization. Please run opt_design with -debug_log to get more detail. 

Phase 3 Sweep
Phase 3 Sweep | Checksum: d9df2f8f

Time (s): cpu = 00:00:03 ; elapsed = 00:00:03 . Memory (MB): peak = 1486.938 ; gain = 0.000
INFO: [Opt 31-389] Phase Sweep created 0 cells and removed 1262 cells
INFO: [Opt 31-1021] In phase Sweep, 25 netlist objects are constrained preventing optimization. Please run opt_design with -debug_log to get more detail. 

Phase 4 BUFG optimization
Phase 4 BUFG optimization | Checksum: d9df2f8f

Time (s): cpu = 00:00:03 ; elapsed = 00:00:03 . Memory (MB): peak = 1486.938 ; gain = 0.000
INFO: [Opt 31-662] Phase BUFG optimization created 0 cells of which 0 are BUFGs and removed 0 cells.

Phase 5 Shift Register Optimization
INFO: [Opt 31-1064] SRL Remap converted 0 SRLs to 0 registers and converted 0 registers of register chains to 0 SRLs
Phase 5 Shift Register Optimization | Checksum: d9df2f8f

Time (s): cpu = 00:00:03 ; elapsed = 00:00:03 . Memory (MB): peak = 1486.938 ; gain = 0.000
INFO: [Opt 31-389] Phase Shift Register Optimization created 0 cells and removed 0 cells

Phase 6 Post Processing Netlist
Phase 6 Post Processing Netlist | Checksum: d9df2f8f

Time (s): cpu = 00:00:03 ; elapsed = 00:00:03 . Memory (MB): peak = 1486.938 ; gain = 0.000
INFO: [Opt 31-389] Phase Post Processing Netlist created 0 cells and removed 0 cells
INFO: [Opt 31-1021] In phase Post Processing Netlist, 15 netlist objects are constrained preventing optimization. Please run opt_design with -debug_log to get more detail. 
Opt_design Change Summary
=========================


-------------------------------------------------------------------------------------------------------------------------
|  Phase                        |  #Cells created  |  #Cells Removed  |  #Constrained objects preventing optimizations  |
-------------------------------------------------------------------------------------------------------------------------
|  Retarget                     |              17  |              58  |                                             15  |
|  Constant propagation         |              55  |             114  |                                             20  |
|  Sweep                        |               0  |            1262  |                                             25  |
|  BUFG optimization            |               0  |               0  |                                              0  |
|  Shift Register Optimization  |               0  |               0  |                                              0  |
|  Post Processing Netlist      |               0  |               0  |                                             15  |
-------------------------------------------------------------------------------------------------------------------------



Starting Connectivity Check Task

Time (s): cpu = 00:00:00 ; elapsed = 00:00:00.019 . Memory (MB): peak = 1486.938 ; gain = 0.000
Ending Logic Optimization Task | Checksum: 1c55ed4c5

Time (s): cpu = 00:00:04 ; elapsed = 00:00:03 . Memory (MB): peak = 1486.938 ; gain = 0.000

Starting Power Optimization Task
INFO: [Pwropt 34-132] Skipping clock gating for clocks with a period < 2.00 ns.
INFO: [Pwropt 34-9] Applying IDT optimizations ...
INFO: [Pwropt 34-10] Applying ODC optimizations ...
INFO: [Timing 38-35] Done setting XDC timing constraints.
INFO: [Physopt 32-619] Estimated Timing Summary | WNS=4.854 | TNS=0.000 |
Running Vector-less Activity Propagation...

Finished Running Vector-less Activity Propagation


Starting PowerOpt Patch Enables Task
INFO: [Pwropt 34-162] WRITE_MODE attribute of 0 BRAM(s) out of a total of 2 has been updated to save power. Run report_power_opt to get a complete listing of the BRAMs updated.
INFO: [Pwropt 34-201] Structural ODC has moved 1 WE to EN ports
Number of BRAM Ports augmented: 0 newly gated: 1 Total Ports: 4
Ending PowerOpt Patch Enables Task | Checksum: 211462378

Time (s): cpu = 00:00:00 ; elapsed = 00:00:00.033 . Memory (MB): peak = 1650.270 ; gain = 0.000
Ending Power Optimization Task | Checksum: 211462378

Time (s): cpu = 00:00:03 ; elapsed = 00:00:02 . Memory (MB): peak = 1650.270 ; gain = 163.332

Starting Final Cleanup Task
Ending Final Cleanup Task | Checksum: 211462378

Time (s): cpu = 00:00:00 ; elapsed = 00:00:00 . Memory (MB): peak = 1650.270 ; gain = 0.000

Starting Netlist Obfuscation Task
Netlist sorting complete. Time (s): cpu = 00:00:00 ; elapsed = 00:00:00.004 . Memory (MB): peak = 1650.270 ; gain = 0.000
Ending Netlist Obfuscation Task | Checksum: 1dbda22ef

Time (s): cpu = 00:00:00 ; elapsed = 00:00:00.004 . Memory (MB): peak = 1650.270 ; gain = 0.000
INFO: [Common 17-83] Releasing license: Implementation
43 Infos, 0 Warnings, 0 Critical Warnings and 0 Errors encountered.
opt_design completed successfully
opt_design: Time (s): cpu = 00:00:19 ; elapsed = 00:00:18 . Memory (MB): peak = 1650.270 ; gain = 884.516
Netlist sorting complete. Time (s): cpu = 00:00:00 ; elapsed = 00:00:00.004 . Memory (MB): peak = 1650.270 ; gain = 0.000
INFO: [Timing 38-480] Writing timing data to binary archive.
Writing placer database...
Writing XDEF routing.
Writing XDEF routing logical nets.
Writing XDEF routing special nets.
Write XDEF Complete: Time (s): cpu = 00:00:01 ; elapsed = 00:00:00.115 . Memory (MB): peak = 1650.270 ; gain = 0.000
INFO: [Common 17-1381] The checkpoint 'C:/Avnet/project_PL_PS_new/project_PL_PS_new.runs/impl_1/design_ps_pl_wrapper_opt.dcp' has been generated.
INFO: [runtcl-4] Executing : report_drc -file design_ps_pl_wrapper_drc_opted.rpt -pb design_ps_pl_wrapper_drc_opted.pb -rpx design_ps_pl_wrapper_drc_opted.rpx
Command: report_drc -file design_ps_pl_wrapper_drc_opted.rpt -pb design_ps_pl_wrapper_drc_opted.pb -rpx design_ps_pl_wrapper_drc_opted.rpx
INFO: [IP_Flow 19-1839] IP Catalog is up to date.
INFO: [DRC 23-27] Running DRC with 2 threads
INFO: [Coretcl 2-168] The results of DRC are in file C:/Avnet/project_PL_PS_new/project_PL_PS_new.runs/impl_1/design_ps_pl_wrapper_drc_opted.rpt.
report_drc completed successfully
Command: place_design
Attempting to get a license for feature 'Implementation' and/or device 'xc7z020'
INFO: [Common 17-349] Got license for feature 'Implementation' and/or device 'xc7z020'
INFO: [DRC 23-27] Running DRC with 2 threads
INFO: [Vivado_Tcl 4-198] DRC finished with 0 Errors
INFO: [Vivado_Tcl 4-199] Please refer to the DRC report (report_drc) for more information.
Running DRC as a precondition to command place_design
INFO: [DRC 23-27] Running DRC with 2 threads
INFO: [Vivado_Tcl 4-198] DRC finished with 0 Errors
INFO: [Vivado_Tcl 4-199] Please refer to the DRC report (report_drc) for more information.

Starting Placer Task
INFO: [Place 30-611] Multithreading enabled for place_design using a maximum of 2 CPUs

Phase 1 Placer Initialization

Phase 1.1 Placer Initialization Netlist Sorting
Netlist sorting complete. Time (s): cpu = 00:00:00 ; elapsed = 00:00:00.005 . Memory (MB): peak = 1650.270 ; gain = 0.000
Phase 1.1 Placer Initialization Netlist Sorting | Checksum: 156300615

Time (s): cpu = 00:00:00 ; elapsed = 00:00:00.019 . Memory (MB): peak = 1650.270 ; gain = 0.000
Netlist sorting complete. Time (s): cpu = 00:00:00 ; elapsed = 00:00:00.004 . Memory (MB): peak = 1650.270 ; gain = 0.000

Phase 1.2 IO Placement/ Clock Placement/ Build Placer Device
INFO: [Timing 38-35] Done setting XDC timing constraints.
Phase 1.2 IO Placement/ Clock Placement/ Build Placer Device | Checksum: d827486b

Time (s): cpu = 00:00:02 ; elapsed = 00:00:02 . Memory (MB): peak = 1650.270 ; gain = 0.000

Phase 1.3 Build Placer Netlist Model
Phase 1.3 Build Placer Netlist Model | Checksum: 10b4ecf8c

Time (s): cpu = 00:00:04 ; elapsed = 00:00:03 . Memory (MB): peak = 1650.270 ; gain = 0.000

Phase 1.4 Constrain Clocks/Macros
Phase 1.4 Constrain Clocks/Macros | Checksum: 10b4ecf8c

Time (s): cpu = 00:00:04 ; elapsed = 00:00:03 . Memory (MB): peak = 1650.270 ; gain = 0.000
Phase 1 Placer Initialization | Checksum: 10b4ecf8c

Time (s): cpu = 00:00:04 ; elapsed = 00:00:03 . Memory (MB): peak = 1650.270 ; gain = 0.000

Phase 2 Global Placement

Phase 2.1 Floorplanning
Phase 2.1 Floorplanning | Checksum: 1b38a11bc

Time (s): cpu = 00:00:04 ; elapsed = 00:00:03 . Memory (MB): peak = 1650.270 ; gain = 0.000

Phase 2.2 Global Placement Core

Phase 2.2.1 Physical Synthesis In Placer
INFO: [Physopt 32-65] No nets found for high-fanout optimization.
INFO: [Physopt 32-232] Optimized 0 net. Created 0 new instance.
INFO: [Physopt 32-775] End 1 Pass. Optimized 0 net or cell. Created 0 new cell, deleted 0 existing cell and moved 0 existing cell
INFO: [Physopt 32-670] No setup violation found.  DSP Register Optimization was not performed.
INFO: [Physopt 32-670] No setup violation found.  Shift Register Optimization was not performed.
INFO: [Physopt 32-670] No setup violation found.  BRAM Register Optimization was not performed.
INFO: [Physopt 32-949] No candidate nets found for HD net replication
INFO: [Physopt 32-775] End 1 Pass. Optimized 0 net or cell. Created 0 new cell, deleted 0 existing cell and moved 0 existing cell
Netlist sorting complete. Time (s): cpu = 00:00:00 ; elapsed = 00:00:00.004 . Memory (MB): peak = 1650.270 ; gain = 0.000

Summary of Physical Synthesis Optimizations
============================================


----------------------------------------------------------------------------------------------------------------------------------------
|  Optimization                  |  Added Cells  |  Removed Cells  |  Optimized Cells/Nets  |  Dont Touch  |  Iterations  |  Elapsed   |
----------------------------------------------------------------------------------------------------------------------------------------
|  Very High Fanout              |            0  |              0  |                     0  |           0  |           1  |  00:00:00  |
|  DSP Register                  |            0  |              0  |                     0  |           0  |           0  |  00:00:00  |
|  Shift Register                |            0  |              0  |                     0  |           0  |           0  |  00:00:00  |
|  BRAM Register                 |            0  |              0  |                     0  |           0  |           0  |  00:00:00  |
|  HD Interface Net Replication  |            0  |              0  |                     0  |           0  |           1  |  00:00:00  |
|  Total                         |            0  |              0  |                     0  |           0  |           2  |  00:00:00  |
----------------------------------------------------------------------------------------------------------------------------------------


Phase 2.2.1 Physical Synthesis In Placer | Checksum: 221615063

Time (s): cpu = 00:00:11 ; elapsed = 00:00:07 . Memory (MB): peak = 1650.270 ; gain = 0.000
Phase 2.2 Global Placement Core | Checksum: 1d5dfd65b

Time (s): cpu = 00:00:11 ; elapsed = 00:00:07 . Memory (MB): peak = 1650.270 ; gain = 0.000
Phase 2 Global Placement | Checksum: 1d5dfd65b

Time (s): cpu = 00:00:11 ; elapsed = 00:00:07 . Memory (MB): peak = 1650.270 ; gain = 0.000

Phase 3 Detail Placement

Phase 3.1 Commit Multi Column Macros
Phase 3.1 Commit Multi Column Macros | Checksum: 21274c27a

Time (s): cpu = 00:00:12 ; elapsed = 00:00:07 . Memory (MB): peak = 1650.270 ; gain = 0.000

Phase 3.2 Commit Most Macros & LUTRAMs
Phase 3.2 Commit Most Macros & LUTRAMs | Checksum: 2759bd989

Time (s): cpu = 00:00:13 ; elapsed = 00:00:08 . Memory (MB): peak = 1650.270 ; gain = 0.000

Phase 3.3 Area Swap Optimization
Phase 3.3 Area Swap Optimization | Checksum: 2701d0818

Time (s): cpu = 00:00:13 ; elapsed = 00:00:08 . Memory (MB): peak = 1650.270 ; gain = 0.000

Phase 3.4 Pipeline Register Optimization
Phase 3.4 Pipeline Register Optimization | Checksum: 1defedcf4

Time (s): cpu = 00:00:13 ; elapsed = 00:00:08 . Memory (MB): peak = 1650.270 ; gain = 0.000

Phase 3.5 Small Shape Detail Placement
Phase 3.5 Small Shape Detail Placement | Checksum: 1e75c7b28

Time (s): cpu = 00:00:14 ; elapsed = 00:00:09 . Memory (MB): peak = 1650.270 ; gain = 0.000

Phase 3.6 Re-assign LUT pins
Phase 3.6 Re-assign LUT pins | Checksum: 141429d36

Time (s): cpu = 00:00:14 ; elapsed = 00:00:10 . Memory (MB): peak = 1650.270 ; gain = 0.000

Phase 3.7 Pipeline Register Optimization
Phase 3.7 Pipeline Register Optimization | Checksum: 19018ba52

Time (s): cpu = 00:00:14 ; elapsed = 00:00:10 . Memory (MB): peak = 1650.270 ; gain = 0.000
Phase 3 Detail Placement | Checksum: 19018ba52

Time (s): cpu = 00:00:14 ; elapsed = 00:00:10 . Memory (MB): peak = 1650.270 ; gain = 0.000

Phase 4 Post Placement Optimization and Clean-Up

Phase 4.1 Post Commit Optimization
INFO: [Timing 38-35] Done setting XDC timing constraints.

Phase 4.1.1 Post Placement Optimization
Post Placement Optimization Initialization | Checksum: 11fd75f67

Phase 4.1.1.1 BUFG Insertion
INFO: [Place 46-56] BUFG insertion identified 0 candidate nets. Inserted BUFG: 0, Replicated BUFG Driver: 0, Skipped due to Placement/Routing Conflicts: 0, Skipped due to Timing Degradation: 0, Skipped due to Illegal Netlist: 0.
Phase 4.1.1.1 BUFG Insertion | Checksum: 11fd75f67

Time (s): cpu = 00:00:16 ; elapsed = 00:00:10 . Memory (MB): peak = 1650.270 ; gain = 0.000
INFO: [Place 30-746] Post Placement Timing Summary WNS=3.935. For the most accurate timing information please run report_timing.
Phase 4.1.1 Post Placement Optimization | Checksum: 12971f02c

Time (s): cpu = 00:00:16 ; elapsed = 00:00:10 . Memory (MB): peak = 1650.270 ; gain = 0.000
Phase 4.1 Post Commit Optimization | Checksum: 12971f02c

Time (s): cpu = 00:00:16 ; elapsed = 00:00:11 . Memory (MB): peak = 1650.270 ; gain = 0.000

Phase 4.2 Post Placement Cleanup
Phase 4.2 Post Placement Cleanup | Checksum: 12971f02c

Time (s): cpu = 00:00:16 ; elapsed = 00:00:11 . Memory (MB): peak = 1650.270 ; gain = 0.000

Phase 4.3 Placer Reporting
Phase 4.3 Placer Reporting | Checksum: 12971f02c

Time (s): cpu = 00:00:16 ; elapsed = 00:00:11 . Memory (MB): peak = 1650.270 ; gain = 0.000

Phase 4.4 Final Placement Cleanup
Netlist sorting complete. Time (s): cpu = 00:00:00 ; elapsed = 00:00:00.004 . Memory (MB): peak = 1650.270 ; gain = 0.000
Phase 4.4 Final Placement Cleanup | Checksum: 15aed1cef

Time (s): cpu = 00:00:16 ; elapsed = 00:00:11 . Memory (MB): peak = 1650.270 ; gain = 0.000
Phase 4 Post Placement Optimization and Clean-Up | Checksum: 15aed1cef

Time (s): cpu = 00:00:16 ; elapsed = 00:00:11 . Memory (MB): peak = 1650.270 ; gain = 0.000
Ending Placer Task | Checksum: 10bfcffdd

Time (s): cpu = 00:00:16 ; elapsed = 00:00:11 . Memory (MB): peak = 1650.270 ; gain = 0.000
INFO: [Common 17-83] Releasing license: Implementation
70 Infos, 0 Warnings, 0 Critical Warnings and 0 Errors encountered.
place_design completed successfully
place_design: Time (s): cpu = 00:00:19 ; elapsed = 00:00:12 . Memory (MB): peak = 1650.270 ; gain = 0.000
Netlist sorting complete. Time (s): cpu = 00:00:00 ; elapsed = 00:00:00.004 . Memory (MB): peak = 1650.270 ; gain = 0.000
INFO: [Timing 38-480] Writing timing data to binary archive.
Writing placer database...
Writing XDEF routing.
Writing XDEF routing logical nets.
Writing XDEF routing special nets.
Write XDEF Complete: Time (s): cpu = 00:00:02 ; elapsed = 00:00:00.518 . Memory (MB): peak = 1650.270 ; gain = 0.000
INFO: [Common 17-1381] The checkpoint 'C:/Avnet/project_PL_PS_new/project_PL_PS_new.runs/impl_1/design_ps_pl_wrapper_placed.dcp' has been generated.
INFO: [runtcl-4] Executing : report_io -file design_ps_pl_wrapper_io_placed.rpt
report_io: Time (s): cpu = 00:00:00 ; elapsed = 00:00:00.056 . Memory (MB): peak = 1650.270 ; gain = 0.000
INFO: [runtcl-4] Executing : report_utilization -file design_ps_pl_wrapper_utilization_placed.rpt -pb design_ps_pl_wrapper_utilization_placed.pb
INFO: [runtcl-4] Executing : report_control_sets -verbose -file design_ps_pl_wrapper_control_sets_placed.rpt
report_control_sets: Time (s): cpu = 00:00:00 ; elapsed = 00:00:00.126 . Memory (MB): peak = 1650.270 ; gain = 0.000
Command: route_design
Attempting to get a license for feature 'Implementation' and/or device 'xc7z020'
INFO: [Common 17-349] Got license for feature 'Implementation' and/or device 'xc7z020'
Running DRC as a precondition to command route_design
INFO: [DRC 23-27] Running DRC with 2 threads
INFO: [Vivado_Tcl 4-198] DRC finished with 0 Errors
INFO: [Vivado_Tcl 4-199] Please refer to the DRC report (report_drc) for more information.


Starting Routing Task
INFO: [Route 35-254] Multithreading enabled for route_design using a maximum of 2 CPUs
Checksum: PlaceDB: 4cb46478 ConstDB: 0 ShapeSum: bf489b65 RouteDB: 0

Phase 1 Build RT Design
Phase 1 Build RT Design | Checksum: c02b301f

Time (s): cpu = 00:00:36 ; elapsed = 00:00:30 . Memory (MB): peak = 1650.270 ; gain = 0.000
Post Restoration Checksum: NetGraph: 592e75c6 NumContArr: 66fcba59 Constraints: 0 Timing: 0

Phase 2 Router Initialization

Phase 2.1 Create Timer
Phase 2.1 Create Timer | Checksum: c02b301f

Time (s): cpu = 00:00:36 ; elapsed = 00:00:30 . Memory (MB): peak = 1650.270 ; gain = 0.000

Phase 2.2 Fix Topology Constraints
Phase 2.2 Fix Topology Constraints | Checksum: c02b301f

Time (s): cpu = 00:00:36 ; elapsed = 00:00:30 . Memory (MB): peak = 1650.887 ; gain = 0.617

Phase 2.3 Pre Route Cleanup
Phase 2.3 Pre Route Cleanup | Checksum: c02b301f

Time (s): cpu = 00:00:36 ; elapsed = 00:00:30 . Memory (MB): peak = 1650.887 ; gain = 0.617
 Number of Nodes with overlaps = 0

Phase 2.4 Update Timing
Phase 2.4 Update Timing | Checksum: 212faeba0

Time (s): cpu = 00:00:38 ; elapsed = 00:00:32 . Memory (MB): peak = 1674.074 ; gain = 23.805
INFO: [Route 35-416] Intermediate Timing Summary | WNS=3.929  | TNS=0.000  | WHS=-0.347 | THS=-110.100|

Phase 2 Router Initialization | Checksum: 2174bdc2e

Time (s): cpu = 00:00:38 ; elapsed = 00:00:32 . Memory (MB): peak = 1674.074 ; gain = 23.805

Router Utilization Summary
  Global Vertical Routing Utilization    = 0.00305478 %
  Global Horizontal Routing Utilization  = 0.00515551 %
  Routable Net Status*
  *Does not include unroutable nets such as driverless and loadless.
  Run report_route_status for detailed report.
  Number of Failed Nets               = 3051
    (Failed Nets is the sum of unrouted and partially routed nets)
  Number of Unrouted Nets             = 3051
  Number of Partially Routed Nets     = 0
  Number of Node Overlaps             = 0


Phase 3 Initial Routing
Phase 3 Initial Routing | Checksum: 20755adfa

Time (s): cpu = 00:00:39 ; elapsed = 00:00:33 . Memory (MB): peak = 1674.074 ; gain = 23.805

Phase 4 Rip-up And Reroute

Phase 4.1 Global Iteration 0
 Number of Nodes with overlaps = 332
 Number of Nodes with overlaps = 2
 Number of Nodes with overlaps = 0
INFO: [Route 35-416] Intermediate Timing Summary | WNS=4.068  | TNS=0.000  | WHS=N/A    | THS=N/A    |

Phase 4.1 Global Iteration 0 | Checksum: 2277d36c0

Time (s): cpu = 00:00:41 ; elapsed = 00:00:34 . Memory (MB): peak = 1674.074 ; gain = 23.805

Phase 4.2 Global Iteration 1
 Number of Nodes with overlaps = 0
INFO: [Route 35-416] Intermediate Timing Summary | WNS=4.068  | TNS=0.000  | WHS=N/A    | THS=N/A    |

Phase 4.2 Global Iteration 1 | Checksum: 189b2b8b6

Time (s): cpu = 00:00:41 ; elapsed = 00:00:34 . Memory (MB): peak = 1674.074 ; gain = 23.805

Phase 4.3 Global Iteration 2
 Number of Nodes with overlaps = 1
 Number of Nodes with overlaps = 0
INFO: [Route 35-416] Intermediate Timing Summary | WNS=4.068  | TNS=0.000  | WHS=N/A    | THS=N/A    |

Phase 4.3 Global Iteration 2 | Checksum: c18e225d

Time (s): cpu = 00:00:41 ; elapsed = 00:00:34 . Memory (MB): peak = 1674.074 ; gain = 23.805
Phase 4 Rip-up And Reroute | Checksum: c18e225d

Time (s): cpu = 00:00:41 ; elapsed = 00:00:34 . Memory (MB): peak = 1674.074 ; gain = 23.805

Phase 5 Delay and Skew Optimization

Phase 5.1 Delay CleanUp
Phase 5.1 Delay CleanUp | Checksum: c18e225d

Time (s): cpu = 00:00:41 ; elapsed = 00:00:34 . Memory (MB): peak = 1674.074 ; gain = 23.805

Phase 5.2 Clock Skew Optimization
Phase 5.2 Clock Skew Optimization | Checksum: c18e225d

Time (s): cpu = 00:00:41 ; elapsed = 00:00:34 . Memory (MB): peak = 1674.074 ; gain = 23.805
Phase 5 Delay and Skew Optimization | Checksum: c18e225d

Time (s): cpu = 00:00:41 ; elapsed = 00:00:34 . Memory (MB): peak = 1674.074 ; gain = 23.805

Phase 6 Post Hold Fix

Phase 6.1 Hold Fix Iter

Phase 6.1.1 Update Timing
Phase 6.1.1 Update Timing | Checksum: 10cb0a7d9

Time (s): cpu = 00:00:42 ; elapsed = 00:00:34 . Memory (MB): peak = 1674.074 ; gain = 23.805
INFO: [Route 35-416] Intermediate Timing Summary | WNS=4.082  | TNS=0.000  | WHS=0.027  | THS=0.000  |

Phase 6.1 Hold Fix Iter | Checksum: da79e996

Time (s): cpu = 00:00:42 ; elapsed = 00:00:34 . Memory (MB): peak = 1674.074 ; gain = 23.805
Phase 6 Post Hold Fix | Checksum: da79e996

Time (s): cpu = 00:00:42 ; elapsed = 00:00:34 . Memory (MB): peak = 1674.074 ; gain = 23.805

Phase 7 Route finalize

Router Utilization Summary
  Global Vertical Routing Utilization    = 0.464741 %
  Global Horizontal Routing Utilization  = 0.596771 %
  Routable Net Status*
  *Does not include unroutable nets such as driverless and loadless.
  Run report_route_status for detailed report.
  Number of Failed Nets               = 0
    (Failed Nets is the sum of unrouted and partially routed nets)
  Number of Unrouted Nets             = 0
  Number of Partially Routed Nets     = 0
  Number of Node Overlaps             = 0

Phase 7 Route finalize | Checksum: b70e1c7a

Time (s): cpu = 00:00:42 ; elapsed = 00:00:34 . Memory (MB): peak = 1674.074 ; gain = 23.805

Phase 8 Verifying routed nets

 Verification completed successfully
Phase 8 Verifying routed nets | Checksum: b70e1c7a

Time (s): cpu = 00:00:42 ; elapsed = 00:00:34 . Memory (MB): peak = 1674.074 ; gain = 23.805

Phase 9 Depositing Routes
Phase 9 Depositing Routes | Checksum: 12a9c7e2e

Time (s): cpu = 00:00:42 ; elapsed = 00:00:35 . Memory (MB): peak = 1674.074 ; gain = 23.805

Phase 10 Post Router Timing
INFO: [Route 35-57] Estimated Timing Summary | WNS=4.082  | TNS=0.000  | WHS=0.027  | THS=0.000  |

INFO: [Route 35-327] The final timing numbers are based on the router estimated timing analysis. For a complete and accurate timing signoff, please run report_timing_summary.
Phase 10 Post Router Timing | Checksum: 12a9c7e2e

Time (s): cpu = 00:00:42 ; elapsed = 00:00:35 . Memory (MB): peak = 1674.074 ; gain = 23.805
INFO: [Route 35-16] Router Completed Successfully

Time (s): cpu = 00:00:42 ; elapsed = 00:00:35 . Memory (MB): peak = 1674.074 ; gain = 23.805

Routing Is Done.
INFO: [Common 17-83] Releasing license: Implementation
89 Infos, 0 Warnings, 0 Critical Warnings and 0 Errors encountered.
route_design completed successfully
route_design: Time (s): cpu = 00:00:44 ; elapsed = 00:00:36 . Memory (MB): peak = 1674.074 ; gain = 23.805
Netlist sorting complete. Time (s): cpu = 00:00:00 ; elapsed = 00:00:00.004 . Memory (MB): peak = 1674.074 ; gain = 0.000
INFO: [Timing 38-480] Writing timing data to binary archive.
Writing placer database...
Writing XDEF routing.
Writing XDEF routing logical nets.
Writing XDEF routing special nets.
Write XDEF Complete: Time (s): cpu = 00:00:02 ; elapsed = 00:00:00.545 . Memory (MB): peak = 1679.926 ; gain = 5.852
INFO: [Common 17-1381] The checkpoint 'C:/Avnet/project_PL_PS_new/project_PL_PS_new.runs/impl_1/design_ps_pl_wrapper_routed.dcp' has been generated.
INFO: [runtcl-4] Executing : report_drc -file design_ps_pl_wrapper_drc_routed.rpt -pb design_ps_pl_wrapper_drc_routed.pb -rpx design_ps_pl_wrapper_drc_routed.rpx
Command: report_drc -file design_ps_pl_wrapper_drc_routed.rpt -pb design_ps_pl_wrapper_drc_routed.pb -rpx design_ps_pl_wrapper_drc_routed.rpx
INFO: [IP_Flow 19-1839] IP Catalog is up to date.
INFO: [DRC 23-27] Running DRC with 2 threads
INFO: [Coretcl 2-168] The results of DRC are in file C:/Avnet/project_PL_PS_new/project_PL_PS_new.runs/impl_1/design_ps_pl_wrapper_drc_routed.rpt.
report_drc completed successfully
INFO: [runtcl-4] Executing : report_methodology -file design_ps_pl_wrapper_methodology_drc_routed.rpt -pb design_ps_pl_wrapper_methodology_drc_routed.pb -rpx design_ps_pl_wrapper_methodology_drc_routed.rpx
Command: report_methodology -file design_ps_pl_wrapper_methodology_drc_routed.rpt -pb design_ps_pl_wrapper_methodology_drc_routed.pb -rpx design_ps_pl_wrapper_methodology_drc_routed.rpx
INFO: [Timing 38-35] Done setting XDC timing constraints.
INFO: [DRC 23-133] Running Methodology with 2 threads
INFO: [Coretcl 2-1520] The results of Report Methodology are in file C:/Avnet/project_PL_PS_new/project_PL_PS_new.runs/impl_1/design_ps_pl_wrapper_methodology_drc_routed.rpt.
report_methodology completed successfully
INFO: [runtcl-4] Executing : report_power -file design_ps_pl_wrapper_power_routed.rpt -pb design_ps_pl_wrapper_power_summary_routed.pb -rpx design_ps_pl_wrapper_power_routed.rpx
Command: report_power -file design_ps_pl_wrapper_power_routed.rpt -pb design_ps_pl_wrapper_power_summary_routed.pb -rpx design_ps_pl_wrapper_power_routed.rpx
INFO: [Timing 38-35] Done setting XDC timing constraints.
Running Vector-less Activity Propagation...

Finished Running Vector-less Activity Propagation
101 Infos, 0 Warnings, 0 Critical Warnings and 0 Errors encountered.
report_power completed successfully
INFO: [runtcl-4] Executing : report_route_status -file design_ps_pl_wrapper_route_status.rpt -pb design_ps_pl_wrapper_route_status.pb
INFO: [runtcl-4] Executing : report_timing_summary -max_paths 10 -file design_ps_pl_wrapper_timing_summary_routed.rpt -pb design_ps_pl_wrapper_timing_summary_routed.pb -rpx design_ps_pl_wrapper_timing_summary_routed.rpx -warn_on_violation 
INFO: [Timing 38-91] UpdateTimingParams: Speed grade: -1, Delay Type: min_max.
INFO: [Timing 38-191] Multithreading enabled for timing update using a maximum of 2 CPUs
INFO: [runtcl-4] Executing : report_incremental_reuse -file design_ps_pl_wrapper_incremental_reuse_routed.rpt
INFO: [Vivado_Tcl 4-1062] Incremental flow is disabled. No incremental reuse Info to report.
INFO: [runtcl-4] Executing : report_clock_utilization -file design_ps_pl_wrapper_clock_utilization_routed.rpt
INFO: [runtcl-4] Executing : report_bus_skew -warn_on_violation -file design_ps_pl_wrapper_bus_skew_routed.rpt -pb design_ps_pl_wrapper_bus_skew_routed.pb -rpx design_ps_pl_wrapper_bus_skew_routed.rpx
INFO: [Timing 38-91] UpdateTimingParams: Speed grade: -1, Delay Type: min_max.
INFO: [Timing 38-191] Multithreading enabled for timing update using a maximum of 2 CPUs
INFO: [Memdata 28-167] Found XPM memory block design_ps_pl_i/PS_BRAM/axi_smc/inst/s00_nodes/s00_w_node/inst/inst_mi_handler/gen_normal_area.inst_fifo_node_payld/gen_xpm_memory_fifo.inst_fifo/gen_mem_rep[0].inst_xpm_memory/xpm_memory_base_inst with a P_MEMORY_PRIMITIVE property set to distributed. A value of block is required. You will not be able to use the updatemem program to update the bitstream with new data for the design_ps_pl_i/PS_BRAM/axi_smc/inst/s00_nodes/s00_w_node/inst/inst_mi_handler/gen_normal_area.inst_fifo_node_payld/gen_xpm_memory_fifo.inst_fifo/gen_mem_rep[0].inst_xpm_memory/xpm_memory_base_inst block.
INFO: [Memdata 28-167] Found XPM memory block design_ps_pl_i/PS_BRAM/axi_smc/inst/s00_nodes/s00_r_node/inst/inst_mi_handler/gen_normal_area.inst_fifo_node_payld/gen_xpm_memory_fifo.inst_fifo/gen_mem_rep[0].inst_xpm_memory/xpm_memory_base_inst with a P_MEMORY_PRIMITIVE property set to distributed. A value of block is required. You will not be able to use the updatemem program to update the bitstream with new data for the design_ps_pl_i/PS_BRAM/axi_smc/inst/s00_nodes/s00_r_node/inst/inst_mi_handler/gen_normal_area.inst_fifo_node_payld/gen_xpm_memory_fifo.inst_fifo/gen_mem_rep[0].inst_xpm_memory/xpm_memory_base_inst block.
INFO: [Memdata 28-167] Found XPM memory block design_ps_pl_i/PS_BRAM/axi_smc/inst/s00_nodes/s00_b_node/inst/inst_mi_handler/gen_normal_area.inst_fifo_node_payld/gen_xpm_memory_fifo.inst_fifo/gen_mem_rep[0].inst_xpm_memory/xpm_memory_base_inst with a P_MEMORY_PRIMITIVE property set to distributed. A value of block is required. You will not be able to use the updatemem program to update the bitstream with new data for the design_ps_pl_i/PS_BRAM/axi_smc/inst/s00_nodes/s00_b_node/inst/inst_mi_handler/gen_normal_area.inst_fifo_node_payld/gen_xpm_memory_fifo.inst_fifo/gen_mem_rep[0].inst_xpm_memory/xpm_memory_base_inst block.
INFO: [Memdata 28-167] Found XPM memory block design_ps_pl_i/PS_BRAM/axi_smc/inst/s00_nodes/s00_aw_node/inst/inst_mi_handler/gen_normal_area.inst_fifo_node_payld/gen_xpm_memory_fifo.inst_fifo/gen_mem_rep[0].inst_xpm_memory/xpm_memory_base_inst with a P_MEMORY_PRIMITIVE property set to distributed. A value of block is required. You will not be able to use the updatemem program to update the bitstream with new data for the design_ps_pl_i/PS_BRAM/axi_smc/inst/s00_nodes/s00_aw_node/inst/inst_mi_handler/gen_normal_area.inst_fifo_node_payld/gen_xpm_memory_fifo.inst_fifo/gen_mem_rep[0].inst_xpm_memory/xpm_memory_base_inst block.
INFO: [Memdata 28-167] Found XPM memory block design_ps_pl_i/PS_BRAM/axi_smc/inst/s00_nodes/s00_ar_node/inst/inst_mi_handler/gen_normal_area.inst_fifo_node_payld/gen_xpm_memory_fifo.inst_fifo/gen_mem_rep[0].inst_xpm_memory/xpm_memory_base_inst with a P_MEMORY_PRIMITIVE property set to distributed. A value of block is required. You will not be able to use the updatemem program to update the bitstream with new data for the design_ps_pl_i/PS_BRAM/axi_smc/inst/s00_nodes/s00_ar_node/inst/inst_mi_handler/gen_normal_area.inst_fifo_node_payld/gen_xpm_memory_fifo.inst_fifo/gen_mem_rep[0].inst_xpm_memory/xpm_memory_base_inst block.
Command: write_bitstream -force design_ps_pl_wrapper.bit
Attempting to get a license for feature 'Implementation' and/or device 'xc7z020'
INFO: [Common 17-349] Got license for feature 'Implementation' and/or device 'xc7z020'
Running DRC as a precondition to command write_bitstream
INFO: [IP_Flow 19-1839] IP Catalog is up to date.
INFO: [DRC 23-27] Running DRC with 2 threads
INFO: [Vivado 12-3199] DRC finished with 0 Errors
INFO: [Vivado 12-3200] Please refer to the DRC report (report_drc) for more information.
INFO: [Designutils 20-2272] Running write_bitstream with 2 threads.
Loading data files...
Loading site data...
Loading route data...
Processing options...
Creating bitmap...
Creating bitstream...
Writing bitstream ./design_ps_pl_wrapper.bit...
INFO: [Vivado 12-1842] Bitgen Completed Successfully.
INFO: [Project 1-120] WebTalk data collection is mandatory when using a WebPACK part without a full Vivado license. To see the specific WebTalk data collected for your design, open the usage_statistics_webtalk.html or usage_statistics_webtalk.xml file in the implementation directory.
INFO: [Common 17-186] 'C:/Avnet/project_PL_PS_new/project_PL_PS_new.runs/impl_1/usage_statistics_webtalk.xml' has been successfully sent to Xilinx on Mon Nov  4 15:58:32 2019. For additional details about this file, please refer to the WebTalk help file at C:/Xilinx/Vivado/2019.1/doc/webtalk_introduction.html.
INFO: [Common 17-83] Releasing license: Implementation
126 Infos, 0 Warnings, 0 Critical Warnings and 0 Errors encountered.
write_bitstream completed successfully
write_bitstream: Time (s): cpu = 00:00:19 ; elapsed = 00:00:20 . Memory (MB): peak = 2129.926 ; gain = 427.035
INFO: [Common 17-206] Exiting Vivado at Mon Nov  4 15:58:33 2019...

*** Running vivado
    with args -log design_ps_pl_wrapper.vdi -applog -m64 -product Vivado -messageDb vivado.pb -mode batch -source design_ps_pl_wrapper.tcl -notrace


****** Vivado v2019.1 (64-bit)
  **** SW Build 2552052 on Fri May 24 14:47:09 MDT 2019
  **** IP Build 2548770 on Fri May 24 18:01:18 MDT 2019
    ** Copyright 1986-2019 Xilinx, Inc. All Rights Reserved.

source design_ps_pl_wrapper.tcl -notrace
Command: open_checkpoint design_ps_pl_wrapper_routed.dcp

Starting open_checkpoint Task

Time (s): cpu = 00:00:00.06 ; elapsed = 00:00:00.10 . Memory (MB): peak = 1399.754 ; gain = 0.000 ; free physical = 4891 ; free virtual = 11364
INFO: [Device 21-403] Loading part xc7z020clg400-1
INFO: [Netlist 29-17] Analyzing 32 Unisim elements for replacement
INFO: [Netlist 29-28] Unisim Transformation completed in 0 CPU seconds
INFO: [Project 1-479] Netlist was created with Vivado 2019.1.1
INFO: [Project 1-570] Preparing netlist for logic optimization
INFO: [Constraints 18-5435] Cannot read file, the software version for the checkpoint (2019.1.1.2580384) does not match the current software version (2019.1.2552052).
  File : /home/johan/rob_ele/misc/project_PL_PS_new/project_PL_PS_new.runs/impl_1/design_ps_pl_wrapper_routed/design_ps_pl_wrapper.xbdc.
Parsing XDC File [/home/johan/rob_ele/misc/project_PL_PS_new/project_PL_PS_new.runs/impl_1/design_ps_pl_wrapper_routed/design_ps_pl_wrapper_board.xdc]
Finished Parsing XDC File [/home/johan/rob_ele/misc/project_PL_PS_new/project_PL_PS_new.runs/impl_1/design_ps_pl_wrapper_routed/design_ps_pl_wrapper_board.xdc]
Parsing XDC File [/home/johan/rob_ele/misc/project_PL_PS_new/project_PL_PS_new.runs/impl_1/design_ps_pl_wrapper_routed/design_ps_pl_wrapper_early.xdc]
Finished Parsing XDC File [/home/johan/rob_ele/misc/project_PL_PS_new/project_PL_PS_new.runs/impl_1/design_ps_pl_wrapper_routed/design_ps_pl_wrapper_early.xdc]
Parsing XDC File [/home/johan/rob_ele/misc/project_PL_PS_new/project_PL_PS_new.runs/impl_1/design_ps_pl_wrapper_routed/design_ps_pl_wrapper.xdc]
Finished Parsing XDC File [/home/johan/rob_ele/misc/project_PL_PS_new/project_PL_PS_new.runs/impl_1/design_ps_pl_wrapper_routed/design_ps_pl_wrapper.xdc]
Parsing XDC File [/home/johan/rob_ele/misc/project_PL_PS_new/project_PL_PS_new.runs/impl_1/design_ps_pl_wrapper_routed/design_ps_pl_wrapper_late.xdc]
Finished Parsing XDC File [/home/johan/rob_ele/misc/project_PL_PS_new/project_PL_PS_new.runs/impl_1/design_ps_pl_wrapper_routed/design_ps_pl_wrapper_late.xdc]
Reading XDEF placement.
Reading placer database...
Reading XDEF routing.
Read XDEF File: Time (s): cpu = 00:00:00.27 ; elapsed = 00:00:00.27 . Memory (MB): peak = 1682.684 ; gain = 0.000 ; free physical = 5353 ; free virtual = 11828
Restored from archive | CPU: 0.270000 secs | Memory: 3.535072 MB |
Finished XDEF File Restore: Time (s): cpu = 00:00:00.27 ; elapsed = 00:00:00.27 . Memory (MB): peak = 1682.684 ; gain = 0.000 ; free physical = 5353 ; free virtual = 11828
INFO: [Opt 31-138] Pushed 0 inverter(s) to 0 load pin(s).
Netlist sorting complete. Time (s): cpu = 00:00:00 ; elapsed = 00:00:00 . Memory (MB): peak = 1692.590 ; gain = 0.000 ; free physical = 5353 ; free virtual = 11829
INFO: [Project 1-111] Unisim Transformation Summary:
  A total of 25 instances were transformed.
  RAM32M => RAM32M (RAMD32, RAMD32, RAMD32, RAMD32, RAMD32, RAMD32, RAMS32, RAMS32): 25 instances

INFO: [Project 1-604] Checkpoint was created with Vivado v2019.1.1 (64-bit) build 2580384
open_checkpoint: Time (s): cpu = 00:00:06 ; elapsed = 00:00:08 . Memory (MB): peak = 1692.590 ; gain = 292.836 ; free physical = 5353 ; free virtual = 11829
INFO: [Memdata 28-167] Found XPM memory block design_ps_pl_i/PS_BRAM/axi_smc/inst/s00_nodes/s00_w_node/inst/inst_mi_handler/gen_normal_area.inst_fifo_node_payld/gen_xpm_memory_fifo.inst_fifo/gen_mem_rep[0].inst_xpm_memory/xpm_memory_base_inst with a P_MEMORY_PRIMITIVE property set to distributed. A value of block is required. You will not be able to use the updatemem program to update the bitstream with new data for the design_ps_pl_i/PS_BRAM/axi_smc/inst/s00_nodes/s00_w_node/inst/inst_mi_handler/gen_normal_area.inst_fifo_node_payld/gen_xpm_memory_fifo.inst_fifo/gen_mem_rep[0].inst_xpm_memory/xpm_memory_base_inst block.
INFO: [Memdata 28-167] Found XPM memory block design_ps_pl_i/PS_BRAM/axi_smc/inst/s00_nodes/s00_r_node/inst/inst_mi_handler/gen_normal_area.inst_fifo_node_payld/gen_xpm_memory_fifo.inst_fifo/gen_mem_rep[0].inst_xpm_memory/xpm_memory_base_inst with a P_MEMORY_PRIMITIVE property set to distributed. A value of block is required. You will not be able to use the updatemem program to update the bitstream with new data for the design_ps_pl_i/PS_BRAM/axi_smc/inst/s00_nodes/s00_r_node/inst/inst_mi_handler/gen_normal_area.inst_fifo_node_payld/gen_xpm_memory_fifo.inst_fifo/gen_mem_rep[0].inst_xpm_memory/xpm_memory_base_inst block.
INFO: [Memdata 28-167] Found XPM memory block design_ps_pl_i/PS_BRAM/axi_smc/inst/s00_nodes/s00_b_node/inst/inst_mi_handler/gen_normal_area.inst_fifo_node_payld/gen_xpm_memory_fifo.inst_fifo/gen_mem_rep[0].inst_xpm_memory/xpm_memory_base_inst with a P_MEMORY_PRIMITIVE property set to distributed. A value of block is required. You will not be able to use the updatemem program to update the bitstream with new data for the design_ps_pl_i/PS_BRAM/axi_smc/inst/s00_nodes/s00_b_node/inst/inst_mi_handler/gen_normal_area.inst_fifo_node_payld/gen_xpm_memory_fifo.inst_fifo/gen_mem_rep[0].inst_xpm_memory/xpm_memory_base_inst block.
INFO: [Memdata 28-167] Found XPM memory block design_ps_pl_i/PS_BRAM/axi_smc/inst/s00_nodes/s00_aw_node/inst/inst_mi_handler/gen_normal_area.inst_fifo_node_payld/gen_xpm_memory_fifo.inst_fifo/gen_mem_rep[0].inst_xpm_memory/xpm_memory_base_inst with a P_MEMORY_PRIMITIVE property set to distributed. A value of block is required. You will not be able to use the updatemem program to update the bitstream with new data for the design_ps_pl_i/PS_BRAM/axi_smc/inst/s00_nodes/s00_aw_node/inst/inst_mi_handler/gen_normal_area.inst_fifo_node_payld/gen_xpm_memory_fifo.inst_fifo/gen_mem_rep[0].inst_xpm_memory/xpm_memory_base_inst block.
INFO: [Memdata 28-167] Found XPM memory block design_ps_pl_i/PS_BRAM/axi_smc/inst/s00_nodes/s00_ar_node/inst/inst_mi_handler/gen_normal_area.inst_fifo_node_payld/gen_xpm_memory_fifo.inst_fifo/gen_mem_rep[0].inst_xpm_memory/xpm_memory_base_inst with a P_MEMORY_PRIMITIVE property set to distributed. A value of block is required. You will not be able to use the updatemem program to update the bitstream with new data for the design_ps_pl_i/PS_BRAM/axi_smc/inst/s00_nodes/s00_ar_node/inst/inst_mi_handler/gen_normal_area.inst_fifo_node_payld/gen_xpm_memory_fifo.inst_fifo/gen_mem_rep[0].inst_xpm_memory/xpm_memory_base_inst block.
Command: write_bitstream -force design_ps_pl_wrapper.bit
Attempting to get a license for feature 'Implementation' and/or device 'xc7z020'
INFO: [Common 17-349] Got license for feature 'Implementation' and/or device 'xc7z020'
Running DRC as a precondition to command write_bitstream
INFO: [IP_Flow 19-234] Refreshing IP repositories
INFO: [IP_Flow 19-1704] No user IP repositories specified
INFO: [IP_Flow 19-2313] Loaded Vivado IP repository '/home/johan/tools/Xilinx/Vivado/2019.1/data/ip'.
INFO: [DRC 23-27] Running DRC with 8 threads
INFO: [Vivado 12-3199] DRC finished with 0 Errors
INFO: [Vivado 12-3200] Please refer to the DRC report (report_drc) for more information.
INFO: [Designutils 20-2272] Running write_bitstream with 8 threads.
Loading data files...
Loading site data...
Loading route data...
Processing options...
Creating bitmap...
Creating bitstream...
Writing bitstream ./design_ps_pl_wrapper.bit...
INFO: [Vivado 12-1842] Bitgen Completed Successfully.
INFO: [Project 1-120] WebTalk data collection is mandatory when using a WebPACK part without a full Vivado license. To see the specific WebTalk data collected for your design, open the usage_statistics_webtalk.html or usage_statistics_webtalk.xml file in the implementation directory.
INFO: [Common 17-186] '/home/johan/rob_ele/misc/project_PL_PS_new/project_PL_PS_new.runs/impl_1/usage_statistics_webtalk.xml' has been successfully sent to Xilinx on Mon Dec 16 11:56:38 2019. For additional details about this file, please refer to the WebTalk help file at /home/johan/tools/Xilinx/Vivado/2019.1/doc/webtalk_introduction.html.
INFO: [Common 17-83] Releasing license: Implementation
26 Infos, 0 Warnings, 0 Critical Warnings and 0 Errors encountered.
write_bitstream completed successfully
write_bitstream: Time (s): cpu = 00:00:13 ; elapsed = 00:00:23 . Memory (MB): peak = 2141.961 ; gain = 446.402 ; free physical = 5301 ; free virtual = 11781
INFO: [Common 17-206] Exiting Vivado at Mon Dec 16 11:56:38 2019...

*** Running vivado
    with args -log design_ps_pl_wrapper.vdi -applog -m64 -product Vivado -messageDb vivado.pb -mode batch -source design_ps_pl_wrapper.tcl -notrace


****** Vivado v2019.1 (64-bit)
  **** SW Build 2552052 on Fri May 24 14:47:09 MDT 2019
  **** IP Build 2548770 on Fri May 24 18:01:18 MDT 2019
    ** Copyright 1986-2019 Xilinx, Inc. All Rights Reserved.

source design_ps_pl_wrapper.tcl -notrace
Command: open_checkpoint design_ps_pl_wrapper_routed.dcp

Starting open_checkpoint Task

Time (s): cpu = 00:00:00.03 ; elapsed = 00:00:00.07 . Memory (MB): peak = 1399.754 ; gain = 0.000 ; free physical = 5698 ; free virtual = 12237
INFO: [Device 21-403] Loading part xc7z020clg400-1
INFO: [Netlist 29-17] Analyzing 32 Unisim elements for replacement
INFO: [Netlist 29-28] Unisim Transformation completed in 0 CPU seconds
INFO: [Project 1-479] Netlist was created with Vivado 2019.1.1
INFO: [Project 1-570] Preparing netlist for logic optimization
INFO: [Constraints 18-5435] Cannot read file, the software version for the checkpoint (2019.1.1.2580384) does not match the current software version (2019.1.2552052).
  File : /home/johan/rob_ele/misc/project_PL_PS_new/project_PL_PS_new.runs/impl_1/design_ps_pl_wrapper_routed/design_ps_pl_wrapper.xbdc.
Parsing XDC File [/home/johan/rob_ele/misc/project_PL_PS_new/project_PL_PS_new.runs/impl_1/design_ps_pl_wrapper_routed/design_ps_pl_wrapper_board.xdc]
Finished Parsing XDC File [/home/johan/rob_ele/misc/project_PL_PS_new/project_PL_PS_new.runs/impl_1/design_ps_pl_wrapper_routed/design_ps_pl_wrapper_board.xdc]
Parsing XDC File [/home/johan/rob_ele/misc/project_PL_PS_new/project_PL_PS_new.runs/impl_1/design_ps_pl_wrapper_routed/design_ps_pl_wrapper_early.xdc]
Finished Parsing XDC File [/home/johan/rob_ele/misc/project_PL_PS_new/project_PL_PS_new.runs/impl_1/design_ps_pl_wrapper_routed/design_ps_pl_wrapper_early.xdc]
Parsing XDC File [/home/johan/rob_ele/misc/project_PL_PS_new/project_PL_PS_new.runs/impl_1/design_ps_pl_wrapper_routed/design_ps_pl_wrapper.xdc]
Finished Parsing XDC File [/home/johan/rob_ele/misc/project_PL_PS_new/project_PL_PS_new.runs/impl_1/design_ps_pl_wrapper_routed/design_ps_pl_wrapper.xdc]
Parsing XDC File [/home/johan/rob_ele/misc/project_PL_PS_new/project_PL_PS_new.runs/impl_1/design_ps_pl_wrapper_routed/design_ps_pl_wrapper_late.xdc]
Finished Parsing XDC File [/home/johan/rob_ele/misc/project_PL_PS_new/project_PL_PS_new.runs/impl_1/design_ps_pl_wrapper_routed/design_ps_pl_wrapper_late.xdc]
Reading XDEF placement.
Reading placer database...
Reading XDEF routing.
Read XDEF File: Time (s): cpu = 00:00:00.26 ; elapsed = 00:00:00.26 . Memory (MB): peak = 1682.684 ; gain = 0.000 ; free physical = 5325 ; free virtual = 11865
Restored from archive | CPU: 0.260000 secs | Memory: 3.535072 MB |
Finished XDEF File Restore: Time (s): cpu = 00:00:00.26 ; elapsed = 00:00:00.26 . Memory (MB): peak = 1682.684 ; gain = 0.000 ; free physical = 5324 ; free virtual = 11864
INFO: [Opt 31-138] Pushed 0 inverter(s) to 0 load pin(s).
Netlist sorting complete. Time (s): cpu = 00:00:00 ; elapsed = 00:00:00 . Memory (MB): peak = 1692.590 ; gain = 0.000 ; free physical = 5308 ; free virtual = 11849
INFO: [Project 1-111] Unisim Transformation Summary:
  A total of 25 instances were transformed.
  RAM32M => RAM32M (RAMD32, RAMD32, RAMD32, RAMD32, RAMD32, RAMD32, RAMS32, RAMS32): 25 instances

INFO: [Project 1-604] Checkpoint was created with Vivado v2019.1.1 (64-bit) build 2580384
open_checkpoint: Time (s): cpu = 00:00:06 ; elapsed = 00:00:07 . Memory (MB): peak = 1692.590 ; gain = 292.836 ; free physical = 5308 ; free virtual = 11848
INFO: [Memdata 28-167] Found XPM memory block design_ps_pl_i/PS_BRAM/axi_smc/inst/s00_nodes/s00_w_node/inst/inst_mi_handler/gen_normal_area.inst_fifo_node_payld/gen_xpm_memory_fifo.inst_fifo/gen_mem_rep[0].inst_xpm_memory/xpm_memory_base_inst with a P_MEMORY_PRIMITIVE property set to distributed. A value of block is required. You will not be able to use the updatemem program to update the bitstream with new data for the design_ps_pl_i/PS_BRAM/axi_smc/inst/s00_nodes/s00_w_node/inst/inst_mi_handler/gen_normal_area.inst_fifo_node_payld/gen_xpm_memory_fifo.inst_fifo/gen_mem_rep[0].inst_xpm_memory/xpm_memory_base_inst block.
INFO: [Memdata 28-167] Found XPM memory block design_ps_pl_i/PS_BRAM/axi_smc/inst/s00_nodes/s00_r_node/inst/inst_mi_handler/gen_normal_area.inst_fifo_node_payld/gen_xpm_memory_fifo.inst_fifo/gen_mem_rep[0].inst_xpm_memory/xpm_memory_base_inst with a P_MEMORY_PRIMITIVE property set to distributed. A value of block is required. You will not be able to use the updatemem program to update the bitstream with new data for the design_ps_pl_i/PS_BRAM/axi_smc/inst/s00_nodes/s00_r_node/inst/inst_mi_handler/gen_normal_area.inst_fifo_node_payld/gen_xpm_memory_fifo.inst_fifo/gen_mem_rep[0].inst_xpm_memory/xpm_memory_base_inst block.
INFO: [Memdata 28-167] Found XPM memory block design_ps_pl_i/PS_BRAM/axi_smc/inst/s00_nodes/s00_b_node/inst/inst_mi_handler/gen_normal_area.inst_fifo_node_payld/gen_xpm_memory_fifo.inst_fifo/gen_mem_rep[0].inst_xpm_memory/xpm_memory_base_inst with a P_MEMORY_PRIMITIVE property set to distributed. A value of block is required. You will not be able to use the updatemem program to update the bitstream with new data for the design_ps_pl_i/PS_BRAM/axi_smc/inst/s00_nodes/s00_b_node/inst/inst_mi_handler/gen_normal_area.inst_fifo_node_payld/gen_xpm_memory_fifo.inst_fifo/gen_mem_rep[0].inst_xpm_memory/xpm_memory_base_inst block.
INFO: [Memdata 28-167] Found XPM memory block design_ps_pl_i/PS_BRAM/axi_smc/inst/s00_nodes/s00_aw_node/inst/inst_mi_handler/gen_normal_area.inst_fifo_node_payld/gen_xpm_memory_fifo.inst_fifo/gen_mem_rep[0].inst_xpm_memory/xpm_memory_base_inst with a P_MEMORY_PRIMITIVE property set to distributed. A value of block is required. You will not be able to use the updatemem program to update the bitstream with new data for the design_ps_pl_i/PS_BRAM/axi_smc/inst/s00_nodes/s00_aw_node/inst/inst_mi_handler/gen_normal_area.inst_fifo_node_payld/gen_xpm_memory_fifo.inst_fifo/gen_mem_rep[0].inst_xpm_memory/xpm_memory_base_inst block.
INFO: [Memdata 28-167] Found XPM memory block design_ps_pl_i/PS_BRAM/axi_smc/inst/s00_nodes/s00_ar_node/inst/inst_mi_handler/gen_normal_area.inst_fifo_node_payld/gen_xpm_memory_fifo.inst_fifo/gen_mem_rep[0].inst_xpm_memory/xpm_memory_base_inst with a P_MEMORY_PRIMITIVE property set to distributed. A value of block is required. You will not be able to use the updatemem program to update the bitstream with new data for the design_ps_pl_i/PS_BRAM/axi_smc/inst/s00_nodes/s00_ar_node/inst/inst_mi_handler/gen_normal_area.inst_fifo_node_payld/gen_xpm_memory_fifo.inst_fifo/gen_mem_rep[0].inst_xpm_memory/xpm_memory_base_inst block.
Command: write_bitstream -force design_ps_pl_wrapper.bit
Attempting to get a license for feature 'Implementation' and/or device 'xc7z020'
INFO: [Common 17-349] Got license for feature 'Implementation' and/or device 'xc7z020'
Running DRC as a precondition to command write_bitstream
INFO: [IP_Flow 19-234] Refreshing IP repositories
INFO: [IP_Flow 19-1704] No user IP repositories specified
INFO: [IP_Flow 19-2313] Loaded Vivado IP repository '/home/johan/tools/Xilinx/Vivado/2019.1/data/ip'.
INFO: [DRC 23-27] Running DRC with 8 threads
INFO: [Vivado 12-3199] DRC finished with 0 Errors
INFO: [Vivado 12-3200] Please refer to the DRC report (report_drc) for more information.
INFO: [Designutils 20-2272] Running write_bitstream with 8 threads.
Loading data files...
Loading site data...
Loading route data...
Processing options...
Creating bitmap...
Creating bitstream...
Writing bitstream ./design_ps_pl_wrapper.bit...
INFO: [Vivado 12-1842] Bitgen Completed Successfully.
INFO: [Project 1-120] WebTalk data collection is mandatory when using a WebPACK part without a full Vivado license. To see the specific WebTalk data collected for your design, open the usage_statistics_webtalk.html or usage_statistics_webtalk.xml file in the implementation directory.
INFO: [Common 17-186] '/home/johan/rob_ele/misc/project_PL_PS_new/project_PL_PS_new.runs/impl_1/usage_statistics_webtalk.xml' has been successfully sent to Xilinx on Mon Dec 16 12:02:38 2019. For additional details about this file, please refer to the WebTalk help file at /home/johan/tools/Xilinx/Vivado/2019.1/doc/webtalk_introduction.html.
INFO: [Common 17-83] Releasing license: Implementation
26 Infos, 0 Warnings, 0 Critical Warnings and 0 Errors encountered.
write_bitstream completed successfully
write_bitstream: Time (s): cpu = 00:00:13 ; elapsed = 00:00:23 . Memory (MB): peak = 2141.961 ; gain = 446.402 ; free physical = 5274 ; free virtual = 11819
INFO: [Common 17-206] Exiting Vivado at Mon Dec 16 12:02:38 2019...

*** Running vivado
    with args -log design_ps_pl_wrapper.vdi -applog -m64 -product Vivado -messageDb vivado.pb -mode batch -source design_ps_pl_wrapper.tcl -notrace


****** Vivado v2019.1 (64-bit)
  **** SW Build 2552052 on Fri May 24 14:47:09 MDT 2019
  **** IP Build 2548770 on Fri May 24 18:01:18 MDT 2019
    ** Copyright 1986-2019 Xilinx, Inc. All Rights Reserved.

source design_ps_pl_wrapper.tcl -notrace
Command: open_checkpoint design_ps_pl_wrapper_routed.dcp

Starting open_checkpoint Task

Time (s): cpu = 00:00:00.05 ; elapsed = 00:00:00.08 . Memory (MB): peak = 1399.754 ; gain = 0.000 ; free physical = 5542 ; free virtual = 12224
INFO: [Device 21-403] Loading part xc7z020clg400-1
INFO: [Netlist 29-17] Analyzing 32 Unisim elements for replacement
INFO: [Netlist 29-28] Unisim Transformation completed in 0 CPU seconds
INFO: [Project 1-479] Netlist was created with Vivado 2019.1.1
INFO: [Project 1-570] Preparing netlist for logic optimization
INFO: [Constraints 18-5435] Cannot read file, the software version for the checkpoint (2019.1.1.2580384) does not match the current software version (2019.1.2552052).
  File : /home/johan/rob_ele/misc/project_PL_PS_new/project_PL_PS_new.runs/impl_1/design_ps_pl_wrapper_routed/design_ps_pl_wrapper.xbdc.
Parsing XDC File [/home/johan/rob_ele/misc/project_PL_PS_new/project_PL_PS_new.runs/impl_1/design_ps_pl_wrapper_routed/design_ps_pl_wrapper_board.xdc]
Finished Parsing XDC File [/home/johan/rob_ele/misc/project_PL_PS_new/project_PL_PS_new.runs/impl_1/design_ps_pl_wrapper_routed/design_ps_pl_wrapper_board.xdc]
Parsing XDC File [/home/johan/rob_ele/misc/project_PL_PS_new/project_PL_PS_new.runs/impl_1/design_ps_pl_wrapper_routed/design_ps_pl_wrapper_early.xdc]
Finished Parsing XDC File [/home/johan/rob_ele/misc/project_PL_PS_new/project_PL_PS_new.runs/impl_1/design_ps_pl_wrapper_routed/design_ps_pl_wrapper_early.xdc]
Parsing XDC File [/home/johan/rob_ele/misc/project_PL_PS_new/project_PL_PS_new.runs/impl_1/design_ps_pl_wrapper_routed/design_ps_pl_wrapper.xdc]
Finished Parsing XDC File [/home/johan/rob_ele/misc/project_PL_PS_new/project_PL_PS_new.runs/impl_1/design_ps_pl_wrapper_routed/design_ps_pl_wrapper.xdc]
Parsing XDC File [/home/johan/rob_ele/misc/project_PL_PS_new/project_PL_PS_new.runs/impl_1/design_ps_pl_wrapper_routed/design_ps_pl_wrapper_late.xdc]
Finished Parsing XDC File [/home/johan/rob_ele/misc/project_PL_PS_new/project_PL_PS_new.runs/impl_1/design_ps_pl_wrapper_routed/design_ps_pl_wrapper_late.xdc]
Reading XDEF placement.
Reading placer database...
Reading XDEF routing.
Read XDEF File: Time (s): cpu = 00:00:00.27 ; elapsed = 00:00:00.28 . Memory (MB): peak = 1682.684 ; gain = 0.000 ; free physical = 5170 ; free virtual = 11852
Restored from archive | CPU: 0.270000 secs | Memory: 3.535072 MB |
Finished XDEF File Restore: Time (s): cpu = 00:00:00.27 ; elapsed = 00:00:00.28 . Memory (MB): peak = 1682.684 ; gain = 0.000 ; free physical = 5170 ; free virtual = 11852
INFO: [Opt 31-138] Pushed 0 inverter(s) to 0 load pin(s).
Netlist sorting complete. Time (s): cpu = 00:00:00 ; elapsed = 00:00:00 . Memory (MB): peak = 1692.590 ; gain = 0.000 ; free physical = 5170 ; free virtual = 11853
INFO: [Project 1-111] Unisim Transformation Summary:
  A total of 25 instances were transformed.
  RAM32M => RAM32M (RAMD32, RAMD32, RAMD32, RAMD32, RAMD32, RAMD32, RAMS32, RAMS32): 25 instances

INFO: [Project 1-604] Checkpoint was created with Vivado v2019.1.1 (64-bit) build 2580384
open_checkpoint: Time (s): cpu = 00:00:06 ; elapsed = 00:00:08 . Memory (MB): peak = 1692.590 ; gain = 292.836 ; free physical = 5169 ; free virtual = 11852
INFO: [Memdata 28-167] Found XPM memory block design_ps_pl_i/PS_BRAM/axi_smc/inst/s00_nodes/s00_w_node/inst/inst_mi_handler/gen_normal_area.inst_fifo_node_payld/gen_xpm_memory_fifo.inst_fifo/gen_mem_rep[0].inst_xpm_memory/xpm_memory_base_inst with a P_MEMORY_PRIMITIVE property set to distributed. A value of block is required. You will not be able to use the updatemem program to update the bitstream with new data for the design_ps_pl_i/PS_BRAM/axi_smc/inst/s00_nodes/s00_w_node/inst/inst_mi_handler/gen_normal_area.inst_fifo_node_payld/gen_xpm_memory_fifo.inst_fifo/gen_mem_rep[0].inst_xpm_memory/xpm_memory_base_inst block.
INFO: [Memdata 28-167] Found XPM memory block design_ps_pl_i/PS_BRAM/axi_smc/inst/s00_nodes/s00_r_node/inst/inst_mi_handler/gen_normal_area.inst_fifo_node_payld/gen_xpm_memory_fifo.inst_fifo/gen_mem_rep[0].inst_xpm_memory/xpm_memory_base_inst with a P_MEMORY_PRIMITIVE property set to distributed. A value of block is required. You will not be able to use the updatemem program to update the bitstream with new data for the design_ps_pl_i/PS_BRAM/axi_smc/inst/s00_nodes/s00_r_node/inst/inst_mi_handler/gen_normal_area.inst_fifo_node_payld/gen_xpm_memory_fifo.inst_fifo/gen_mem_rep[0].inst_xpm_memory/xpm_memory_base_inst block.
INFO: [Memdata 28-167] Found XPM memory block design_ps_pl_i/PS_BRAM/axi_smc/inst/s00_nodes/s00_b_node/inst/inst_mi_handler/gen_normal_area.inst_fifo_node_payld/gen_xpm_memory_fifo.inst_fifo/gen_mem_rep[0].inst_xpm_memory/xpm_memory_base_inst with a P_MEMORY_PRIMITIVE property set to distributed. A value of block is required. You will not be able to use the updatemem program to update the bitstream with new data for the design_ps_pl_i/PS_BRAM/axi_smc/inst/s00_nodes/s00_b_node/inst/inst_mi_handler/gen_normal_area.inst_fifo_node_payld/gen_xpm_memory_fifo.inst_fifo/gen_mem_rep[0].inst_xpm_memory/xpm_memory_base_inst block.
INFO: [Memdata 28-167] Found XPM memory block design_ps_pl_i/PS_BRAM/axi_smc/inst/s00_nodes/s00_aw_node/inst/inst_mi_handler/gen_normal_area.inst_fifo_node_payld/gen_xpm_memory_fifo.inst_fifo/gen_mem_rep[0].inst_xpm_memory/xpm_memory_base_inst with a P_MEMORY_PRIMITIVE property set to distributed. A value of block is required. You will not be able to use the updatemem program to update the bitstream with new data for the design_ps_pl_i/PS_BRAM/axi_smc/inst/s00_nodes/s00_aw_node/inst/inst_mi_handler/gen_normal_area.inst_fifo_node_payld/gen_xpm_memory_fifo.inst_fifo/gen_mem_rep[0].inst_xpm_memory/xpm_memory_base_inst block.
INFO: [Memdata 28-167] Found XPM memory block design_ps_pl_i/PS_BRAM/axi_smc/inst/s00_nodes/s00_ar_node/inst/inst_mi_handler/gen_normal_area.inst_fifo_node_payld/gen_xpm_memory_fifo.inst_fifo/gen_mem_rep[0].inst_xpm_memory/xpm_memory_base_inst with a P_MEMORY_PRIMITIVE property set to distributed. A value of block is required. You will not be able to use the updatemem program to update the bitstream with new data for the design_ps_pl_i/PS_BRAM/axi_smc/inst/s00_nodes/s00_ar_node/inst/inst_mi_handler/gen_normal_area.inst_fifo_node_payld/gen_xpm_memory_fifo.inst_fifo/gen_mem_rep[0].inst_xpm_memory/xpm_memory_base_inst block.
Command: write_bitstream -force design_ps_pl_wrapper.bit
Attempting to get a license for feature 'Implementation' and/or device 'xc7z020'
INFO: [Common 17-349] Got license for feature 'Implementation' and/or device 'xc7z020'
Running DRC as a precondition to command write_bitstream
INFO: [IP_Flow 19-234] Refreshing IP repositories
INFO: [IP_Flow 19-1704] No user IP repositories specified
INFO: [IP_Flow 19-2313] Loaded Vivado IP repository '/home/johan/tools/Xilinx/Vivado/2019.1/data/ip'.
INFO: [DRC 23-27] Running DRC with 8 threads
INFO: [Vivado 12-3199] DRC finished with 0 Errors
INFO: [Vivado 12-3200] Please refer to the DRC report (report_drc) for more information.
INFO: [Designutils 20-2272] Running write_bitstream with 8 threads.
Loading data files...
Loading site data...
Loading route data...
Processing options...
Creating bitmap...
Creating bitstream...
Writing bitstream ./design_ps_pl_wrapper.bit...
INFO: [Vivado 12-1842] Bitgen Completed Successfully.
INFO: [Project 1-120] WebTalk data collection is mandatory when using a WebPACK part without a full Vivado license. To see the specific WebTalk data collected for your design, open the usage_statistics_webtalk.html or usage_statistics_webtalk.xml file in the implementation directory.
INFO: [Common 17-186] '/home/johan/rob_ele/misc/project_PL_PS_new/project_PL_PS_new.runs/impl_1/usage_statistics_webtalk.xml' has been successfully sent to Xilinx on Mon Dec 16 12:04:35 2019. For additional details about this file, please refer to the WebTalk help file at /home/johan/tools/Xilinx/Vivado/2019.1/doc/webtalk_introduction.html.
INFO: [Common 17-83] Releasing license: Implementation
26 Infos, 0 Warnings, 0 Critical Warnings and 0 Errors encountered.
write_bitstream completed successfully
write_bitstream: Time (s): cpu = 00:00:13 ; elapsed = 00:00:23 . Memory (MB): peak = 2141.961 ; gain = 446.402 ; free physical = 5128 ; free virtual = 11814
INFO: [Common 17-206] Exiting Vivado at Mon Dec 16 12:04:35 2019...

*** Running vivado
    with args -log design_ps_pl_wrapper.vdi -applog -m64 -product Vivado -messageDb vivado.pb -mode batch -source design_ps_pl_wrapper.tcl -notrace


****** Vivado v2019.1 (64-bit)
  **** SW Build 2552052 on Fri May 24 14:47:09 MDT 2019
  **** IP Build 2548770 on Fri May 24 18:01:18 MDT 2019
    ** Copyright 1986-2019 Xilinx, Inc. All Rights Reserved.

source design_ps_pl_wrapper.tcl -notrace
Command: open_checkpoint design_ps_pl_wrapper_routed.dcp

Starting open_checkpoint Task

Time (s): cpu = 00:00:00.05 ; elapsed = 00:00:00.08 . Memory (MB): peak = 1399.758 ; gain = 0.000 ; free physical = 3778 ; free virtual = 10513
INFO: [Device 21-403] Loading part xc7z020clg400-1
INFO: [Netlist 29-17] Analyzing 32 Unisim elements for replacement
INFO: [Netlist 29-28] Unisim Transformation completed in 0 CPU seconds
INFO: [Project 1-479] Netlist was created with Vivado 2019.1.1
INFO: [Project 1-570] Preparing netlist for logic optimization
INFO: [Constraints 18-5435] Cannot read file, the software version for the checkpoint (2019.1.1.2580384) does not match the current software version (2019.1.2552052).
  File : /home/johan/rob_ele/misc/project_PL_PS_new/project_PL_PS_new.runs/impl_1/design_ps_pl_wrapper_routed/design_ps_pl_wrapper.xbdc.
Parsing XDC File [/home/johan/rob_ele/misc/project_PL_PS_new/project_PL_PS_new.runs/impl_1/design_ps_pl_wrapper_routed/design_ps_pl_wrapper_board.xdc]
Finished Parsing XDC File [/home/johan/rob_ele/misc/project_PL_PS_new/project_PL_PS_new.runs/impl_1/design_ps_pl_wrapper_routed/design_ps_pl_wrapper_board.xdc]
Parsing XDC File [/home/johan/rob_ele/misc/project_PL_PS_new/project_PL_PS_new.runs/impl_1/design_ps_pl_wrapper_routed/design_ps_pl_wrapper_early.xdc]
Finished Parsing XDC File [/home/johan/rob_ele/misc/project_PL_PS_new/project_PL_PS_new.runs/impl_1/design_ps_pl_wrapper_routed/design_ps_pl_wrapper_early.xdc]
Parsing XDC File [/home/johan/rob_ele/misc/project_PL_PS_new/project_PL_PS_new.runs/impl_1/design_ps_pl_wrapper_routed/design_ps_pl_wrapper.xdc]
Finished Parsing XDC File [/home/johan/rob_ele/misc/project_PL_PS_new/project_PL_PS_new.runs/impl_1/design_ps_pl_wrapper_routed/design_ps_pl_wrapper.xdc]
Parsing XDC File [/home/johan/rob_ele/misc/project_PL_PS_new/project_PL_PS_new.runs/impl_1/design_ps_pl_wrapper_routed/design_ps_pl_wrapper_late.xdc]
Finished Parsing XDC File [/home/johan/rob_ele/misc/project_PL_PS_new/project_PL_PS_new.runs/impl_1/design_ps_pl_wrapper_routed/design_ps_pl_wrapper_late.xdc]
Reading XDEF placement.
Reading placer database...
Reading XDEF routing.
Read XDEF File: Time (s): cpu = 00:00:00.28 ; elapsed = 00:00:00.29 . Memory (MB): peak = 1682.688 ; gain = 0.000 ; free physical = 3405 ; free virtual = 10141
Restored from archive | CPU: 0.280000 secs | Memory: 3.535072 MB |
Finished XDEF File Restore: Time (s): cpu = 00:00:00.28 ; elapsed = 00:00:00.29 . Memory (MB): peak = 1682.688 ; gain = 0.000 ; free physical = 3405 ; free virtual = 10141
INFO: [Opt 31-138] Pushed 0 inverter(s) to 0 load pin(s).
Netlist sorting complete. Time (s): cpu = 00:00:00 ; elapsed = 00:00:00 . Memory (MB): peak = 1692.594 ; gain = 0.000 ; free physical = 3406 ; free virtual = 10142
INFO: [Project 1-111] Unisim Transformation Summary:
  A total of 25 instances were transformed.
  RAM32M => RAM32M (RAMD32, RAMD32, RAMD32, RAMD32, RAMD32, RAMD32, RAMS32, RAMS32): 25 instances

INFO: [Project 1-604] Checkpoint was created with Vivado v2019.1.1 (64-bit) build 2580384
open_checkpoint: Time (s): cpu = 00:00:06 ; elapsed = 00:00:08 . Memory (MB): peak = 1692.594 ; gain = 292.836 ; free physical = 3405 ; free virtual = 10141
INFO: [Memdata 28-167] Found XPM memory block design_ps_pl_i/PS_BRAM/axi_smc/inst/s00_nodes/s00_w_node/inst/inst_mi_handler/gen_normal_area.inst_fifo_node_payld/gen_xpm_memory_fifo.inst_fifo/gen_mem_rep[0].inst_xpm_memory/xpm_memory_base_inst with a P_MEMORY_PRIMITIVE property set to distributed. A value of block is required. You will not be able to use the updatemem program to update the bitstream with new data for the design_ps_pl_i/PS_BRAM/axi_smc/inst/s00_nodes/s00_w_node/inst/inst_mi_handler/gen_normal_area.inst_fifo_node_payld/gen_xpm_memory_fifo.inst_fifo/gen_mem_rep[0].inst_xpm_memory/xpm_memory_base_inst block.
INFO: [Memdata 28-167] Found XPM memory block design_ps_pl_i/PS_BRAM/axi_smc/inst/s00_nodes/s00_r_node/inst/inst_mi_handler/gen_normal_area.inst_fifo_node_payld/gen_xpm_memory_fifo.inst_fifo/gen_mem_rep[0].inst_xpm_memory/xpm_memory_base_inst with a P_MEMORY_PRIMITIVE property set to distributed. A value of block is required. You will not be able to use the updatemem program to update the bitstream with new data for the design_ps_pl_i/PS_BRAM/axi_smc/inst/s00_nodes/s00_r_node/inst/inst_mi_handler/gen_normal_area.inst_fifo_node_payld/gen_xpm_memory_fifo.inst_fifo/gen_mem_rep[0].inst_xpm_memory/xpm_memory_base_inst block.
INFO: [Memdata 28-167] Found XPM memory block design_ps_pl_i/PS_BRAM/axi_smc/inst/s00_nodes/s00_b_node/inst/inst_mi_handler/gen_normal_area.inst_fifo_node_payld/gen_xpm_memory_fifo.inst_fifo/gen_mem_rep[0].inst_xpm_memory/xpm_memory_base_inst with a P_MEMORY_PRIMITIVE property set to distributed. A value of block is required. You will not be able to use the updatemem program to update the bitstream with new data for the design_ps_pl_i/PS_BRAM/axi_smc/inst/s00_nodes/s00_b_node/inst/inst_mi_handler/gen_normal_area.inst_fifo_node_payld/gen_xpm_memory_fifo.inst_fifo/gen_mem_rep[0].inst_xpm_memory/xpm_memory_base_inst block.
INFO: [Memdata 28-167] Found XPM memory block design_ps_pl_i/PS_BRAM/axi_smc/inst/s00_nodes/s00_aw_node/inst/inst_mi_handler/gen_normal_area.inst_fifo_node_payld/gen_xpm_memory_fifo.inst_fifo/gen_mem_rep[0].inst_xpm_memory/xpm_memory_base_inst with a P_MEMORY_PRIMITIVE property set to distributed. A value of block is required. You will not be able to use the updatemem program to update the bitstream with new data for the design_ps_pl_i/PS_BRAM/axi_smc/inst/s00_nodes/s00_aw_node/inst/inst_mi_handler/gen_normal_area.inst_fifo_node_payld/gen_xpm_memory_fifo.inst_fifo/gen_mem_rep[0].inst_xpm_memory/xpm_memory_base_inst block.
INFO: [Memdata 28-167] Found XPM memory block design_ps_pl_i/PS_BRAM/axi_smc/inst/s00_nodes/s00_ar_node/inst/inst_mi_handler/gen_normal_area.inst_fifo_node_payld/gen_xpm_memory_fifo.inst_fifo/gen_mem_rep[0].inst_xpm_memory/xpm_memory_base_inst with a P_MEMORY_PRIMITIVE property set to distributed. A value of block is required. You will not be able to use the updatemem program to update the bitstream with new data for the design_ps_pl_i/PS_BRAM/axi_smc/inst/s00_nodes/s00_ar_node/inst/inst_mi_handler/gen_normal_area.inst_fifo_node_payld/gen_xpm_memory_fifo.inst_fifo/gen_mem_rep[0].inst_xpm_memory/xpm_memory_base_inst block.
Command: write_bitstream -force design_ps_pl_wrapper.bit
Attempting to get a license for feature 'Implementation' and/or device 'xc7z020'
INFO: [Common 17-349] Got license for feature 'Implementation' and/or device 'xc7z020'
Running DRC as a precondition to command write_bitstream
INFO: [IP_Flow 19-234] Refreshing IP repositories
INFO: [IP_Flow 19-1704] No user IP repositories specified
INFO: [IP_Flow 19-2313] Loaded Vivado IP repository '/home/johan/tools/Xilinx/Vivado/2019.1/data/ip'.
INFO: [DRC 23-27] Running DRC with 8 threads
INFO: [Vivado 12-3199] DRC finished with 0 Errors
INFO: [Vivado 12-3200] Please refer to the DRC report (report_drc) for more information.
INFO: [Designutils 20-2272] Running write_bitstream with 8 threads.
Loading data files...
Loading site data...
Loading route data...
Processing options...
Creating bitmap...
Creating bitstream...
Writing bitstream ./design_ps_pl_wrapper.bit...
INFO: [Vivado 12-1842] Bitgen Completed Successfully.
INFO: [Project 1-120] WebTalk data collection is mandatory when using a WebPACK part without a full Vivado license. To see the specific WebTalk data collected for your design, open the usage_statistics_webtalk.html or usage_statistics_webtalk.xml file in the implementation directory.
INFO: [Common 17-186] '/home/johan/rob_ele/misc/project_PL_PS_new/project_PL_PS_new.runs/impl_1/usage_statistics_webtalk.xml' has been successfully sent to Xilinx on Mon Dec 16 12:25:16 2019. For additional details about this file, please refer to the WebTalk help file at /home/johan/tools/Xilinx/Vivado/2019.1/doc/webtalk_introduction.html.
INFO: [Common 17-83] Releasing license: Implementation
26 Infos, 0 Warnings, 0 Critical Warnings and 0 Errors encountered.
write_bitstream completed successfully
write_bitstream: Time (s): cpu = 00:00:14 ; elapsed = 00:00:21 . Memory (MB): peak = 2142.934 ; gain = 447.371 ; free physical = 3352 ; free virtual = 10092
INFO: [Common 17-206] Exiting Vivado at Mon Dec 16 12:25:16 2019...
